2025-10-02 10:05:17 +0000 [MT] Initial pipeline context: <IDEDistributionProcessingPipelineContext: 0x7a67fe400; archive(resolved)="<IDEArchive: 0x7a663f4f0>", distributionTask(resolved)="2", distributionDestination(resolved)="1", distributionMethod(resolved)="<IDEDistributionMethodiOSAppStoreDistribution: 0x7a67ad0b0>", team(resolved)="<IDEProvisioningBasicTeam: 0x7a6811640; teamID='D75HBF7K8Q', teamName='Richar Sain firson'>">
	Chain (15, self inclusive):
	<IDEDistributionProcessingPipelineContext: 0x7a67fe400; archive = "<IDEArchive: 0x7a663f4f0>", distributionMethod="<IDEDistributionMethodiOSAppStoreDistribution: 0x7a67ad0b0>", team="<IDEProvisioningBasicTeam: 0x7a6811640; teamID='D75HBF7K8Q', teamName='Richar Sain firson'>">
	<IDEDistributionProcessingPipelineContext: 0x7a67fe700; archive = "<IDEArchive: 0x7a663f4f0>", distributionMethod="<IDEDistributionMethodiOSAppStoreDistribution: 0x7a67ad0b0>", team="<IDEProvisioningBasicTeam: 0x7a6811640; teamID='D75HBF7K8Q', teamName='Richar Sain firson'>">
	<IDEDistributionContext: 0x7a405f200; archive = "<IDEArchive: 0x7a663f4f0>", distributionMethod="<IDEDistributionMethodiOSAppStoreDistribution: 0x7a67ad0b0>", team="<IDEProvisioningBasicTeam: 0x7a6811640; teamID='D75HBF7K8Q', teamName='Richar Sain firson'>">
	<IDEDistributionContext: 0x7a405e800; archive = "<IDEArchive: 0x7a663f4f0>", distributionMethod="<IDEDistributionMethodiOSAppStoreDistribution: 0x7a67ad0b0>", team="<IDEProvisioningBasicTeam: 0x7a6811640; teamID='D75HBF7K8Q', teamName='Richar Sain firson'>">
	<IDEDistributionContext: 0x7a405e580; archive = "<IDEArchive: 0x7a663f4f0>", distributionMethod="<IDEDistributionMethodiOSAppStoreDistribution: 0x7a67ad0b0>", team="<IDEProvisioningBasicTeam: 0x7a6811640; teamID='D75HBF7K8Q', teamName='Richar Sain firson'>">
	<IDEDistributionContext: 0x7a405e300; archive = "<IDEArchive: 0x7a663f4f0>", distributionMethod="<IDEDistributionMethodiOSAppStoreDistribution: 0x7a67ad0b0>", team="<IDEProvisioningBasicTeam: 0x7a6811640; teamID='D75HBF7K8Q', teamName='Richar Sain firson'>">
	<IDEDistributionContext: 0x7a405e080; archive = "<IDEArchive: 0x7a663f4f0>", distributionMethod="<IDEDistributionMethodiOSAppStoreDistribution: 0x7a67ad0b0>", team="<IDEProvisioningBasicTeam: 0x7a6811640; teamID='D75HBF7K8Q', teamName='Richar Sain firson'>">
	<IDEDistributionContext: 0x7a405de00; archive = "<IDEArchive: 0x7a663f4f0>", distributionMethod="<IDEDistributionMethodiOSAppStoreDistribution: 0x7a67ad0b0>", team="<IDEProvisioningBasicTeam: 0x7a6811640; teamID='D75HBF7K8Q', teamName='Richar Sain firson'>">
	<IDEDistributionContext: 0x7a405db80; archive = "<IDEArchive: 0x7a663f4f0>", distributionMethod="<IDEDistributionMethodiOSAppStoreDistribution: 0x7a67ad0b0>", team="<IDEProvisioningBasicTeam: 0x7a6811640; teamID='D75HBF7K8Q', teamName='Richar Sain firson'>">
	<IDEDistributionContext: 0x7a405cc80; archive = "<IDEArchive: 0x7a663f4f0>", distributionMethod="<IDEDistributionMethodiOSAppStoreDistribution: 0x7a67ad0b0>", team="<IDEProvisioningBasicTeam: 0x7a6811640; teamID='D75HBF7K8Q', teamName='Richar Sain firson'>">
	<IDEDistributionContext: 0x7a405ca00; archive = "<IDEArchive: 0x7a663f4f0>", distributionMethod="<IDEDistributionMethodiOSAppStoreDistribution: 0x7a67ad0b0>", team="<IDEProvisioningBasicTeam: 0x7a6811640; teamID='D75HBF7K8Q', teamName='Richar Sain firson'>">
	<IDEDistributionContext: 0x7a405c780; archive = "<IDEArchive: 0x7a663f4f0>", distributionMethod="<IDEDistributionMethodiOSAppStoreDistribution: 0x7a67ad0b0>", team="<IDEProvisioningBasicTeam: 0x7a6811640; teamID='D75HBF7K8Q', teamName='Richar Sain firson'>">
	<IDEDistributionContext: 0x7a405c500; archive = "<IDEArchive: 0x7a663f4f0>", distributionMethod="<IDEDistributionMethodiOSAppStoreDistribution: 0x7a67ad0b0>", team="(null)">
	<IDEDistributionContext: 0x1055df7c0; archive = "<IDEArchive: 0x7a663f4f0>", distributionMethod="<IDEDistributionMethodiOSAppStoreDistribution: 0x7a67ad0b0>", team="(null)">
	<IDEDistributionContext: 0x1055f9c30; archive = "<IDEArchive: 0x7a663f4f0>", distributionMethod="(null)", team="(null)">
</IDEDistributionProcessingPipelineContext: 0x7a67fe400>
2025-10-02 10:05:17 +0000 [MT] Processing step: IDEDistributionCreateDestRootStep
2025-10-02 10:05:17 +0000 [MT] Processing step: IDEDistributionCopyItemStep
2025-10-02 10:05:17 +0000 [MT] Running /usr/bin/ditto '-V' '/Users/kaikha/Documents/flutter-breast/build/ios/archive/Runner.xcarchive/Products/Applications/Runner.app' '/var/folders/7l/68chzx416gd19gmhw_s8h__80000gn/T/XcodeDistPipeline.~~~LMS1f0/Root/Payload/Runner.app'
2025-10-02 10:05:17 +0000  >>> Copying /Users/kaikha/Documents/flutter-breast/build/ios/archive/Runner.xcarchive/Products/Applications/Runner.app 
2025-10-02 10:05:17 +0000  copying file ./_CodeSignature/CodeResources ... 
2025-10-02 10:05:17 +0000  21371 bytes for ./_CodeSignature/CodeResources
2025-10-02 10:05:17 +0000  copying file ./AppIcon60x60@2x.png ... 
2025-10-02 10:05:17 +0000  15803 bytes for ./AppIcon60x60@2x.png
2025-10-02 10:05:17 +0000  copying file ./Runner ... 
2025-10-02 10:05:17 +0000  94656 bytes for ./Runner
2025-10-02 10:05:17 +0000  copying file ./Base.lproj/Main.storyboardc/UIViewController-BYZ-38-t0r.nib ... 
2025-10-02 10:05:17 +0000  951 bytes for ./Base.lproj/Main.storyboardc/UIViewController-BYZ-38-t0r.nib
2025-10-02 10:05:17 +0000  copying file ./Base.lproj/Main.storyboardc/BYZ-38-t0r-view-8bC-Xf-vdC.nib ... 
2025-10-02 10:05:17 +0000  1835 bytes for ./Base.lproj/Main.storyboardc/BYZ-38-t0r-view-8bC-Xf-vdC.nib
2025-10-02 10:05:17 +0000  copying file ./Base.lproj/Main.storyboardc/Info.plist ... 
2025-10-02 10:05:17 +0000  258 bytes for ./Base.lproj/Main.storyboardc/Info.plist
2025-10-02 10:05:17 +0000  copying file ./Base.lproj/LaunchScreen.storyboardc/01J-lp-oVM-view-Ze5-6b-2t3.nib ... 
2025-10-02 10:05:17 +0000  2281 bytes for ./Base.lproj/LaunchScreen.storyboardc/01J-lp-oVM-view-Ze5-6b-2t3.nib
2025-10-02 10:05:17 +0000  copying file ./Base.lproj/LaunchScreen.storyboardc/UIViewController-01J-lp-oVM.nib ... 
2025-10-02 10:05:17 +0000  924 bytes for ./Base.lproj/LaunchScreen.storyboardc/UIViewController-01J-lp-oVM.nib
2025-10-02 10:05:17 +0000  copying file ./Base.lproj/LaunchScreen.storyboardc/Info.plist ... 
2025-10-02 10:05:17 +0000  258 bytes for ./Base.lproj/LaunchScreen.storyboardc/Info.plist
2025-10-02 10:05:17 +0000  copying file ./Assets.car ... 
2025-10-02 10:05:17 +0000  823192 bytes for ./Assets.car
2025-10-02 10:05:17 +0000  copying file ./AppFrameworkInfo.plist ... 
2025-10-02 10:05:17 +0000  377 bytes for ./AppFrameworkInfo.plist
2025-10-02 10:05:17 +0000  copying file ./AppIcon76x76@2x~ipad.png ... 
2025-10-02 10:05:17 +0000  23758 bytes for ./AppIcon76x76@2x~ipad.png
2025-10-02 10:05:17 +0000  copying file ./Frameworks/image_picker_ios.framework/_CodeSignature/CodeResources ... 
2025-10-02 10:05:17 +0000  2368 bytes for ./Frameworks/image_picker_ios.framework/_CodeSignature/CodeResources
2025-10-02 10:05:17 +0000  copying file ./Frameworks/image_picker_ios.framework/image_picker_ios_privacy.bundle/PrivacyInfo.xcprivacy ... 
2025-10-02 10:05:17 +0000  373 bytes for ./Frameworks/image_picker_ios.framework/image_picker_ios_privacy.bundle/PrivacyInfo.xcprivacy
2025-10-02 10:05:17 +0000  copying file ./Frameworks/image_picker_ios.framework/image_picker_ios_privacy.bundle/Info.plist ... 
2025-10-02 10:05:17 +0000  796 bytes for ./Frameworks/image_picker_ios.framework/image_picker_ios_privacy.bundle/Info.plist
2025-10-02 10:05:17 +0000  copying file ./Frameworks/image_picker_ios.framework/image_picker_ios ... 
2025-10-02 10:05:17 +0000  200128 bytes for ./Frameworks/image_picker_ios.framework/image_picker_ios
2025-10-02 10:05:17 +0000  copying file ./Frameworks/image_picker_ios.framework/Info.plist ... 
2025-10-02 10:05:17 +0000  805 bytes for ./Frameworks/image_picker_ios.framework/Info.plist
2025-10-02 10:05:17 +0000  copying file ./Frameworks/Flutter.framework/_CodeSignature/CodeResources ... 
2025-10-02 10:05:17 +0000  6822 bytes for ./Frameworks/Flutter.framework/_CodeSignature/CodeResources
2025-10-02 10:05:17 +0000  copying file ./Frameworks/Flutter.framework/icudtl.dat ... 
2025-10-02 10:05:17 +0000  778864 bytes for ./Frameworks/Flutter.framework/icudtl.dat
2025-10-02 10:05:17 +0000  copying file ./Frameworks/Flutter.framework/Flutter ... 
2025-10-02 10:05:17 +0000  8577600 bytes for ./Frameworks/Flutter.framework/Flutter
2025-10-02 10:05:17 +0000  copying file ./Frameworks/Flutter.framework/Headers/FlutterSceneDelegate.h ... 
813 bytes for ./Frameworks/Flutter.framework/Headers/FlutterSceneDelegate.h
copying file ./Frameworks/Flutter.framework/Headers/FlutterEngine.h ... 
2025-10-02 10:05:17 +0000  20339 bytes for ./Frameworks/Flutter.framework/Headers/FlutterEngine.h
2025-10-02 10:05:17 +0000  copying file ./Frameworks/Flutter.framework/Headers/FlutterChannels.h ... 
2025-10-02 10:05:17 +0000  18414 bytes for ./Frameworks/Flutter.framework/Headers/FlutterChannels.h
2025-10-02 10:05:17 +0000  copying file ./Frameworks/Flutter.framework/Headers/FlutterPlugin.h ... 
2025-10-02 10:05:17 +0000  16886 bytes for ./Frameworks/Flutter.framework/Headers/FlutterPlugin.h
2025-10-02 10:05:17 +0000  copying file ./Frameworks/Flutter.framework/Headers/FlutterAppDelegate.h ... 
2025-10-02 10:05:17 +0000  1821 bytes for ./Frameworks/Flutter.framework/Headers/FlutterAppDelegate.h
2025-10-02 10:05:17 +0000  copying file ./Frameworks/Flutter.framework/Headers/FlutterTexture.h ... 
2025-10-02 10:05:17 +0000  2263 bytes for ./Frameworks/Flutter.framework/Headers/FlutterTexture.h
2025-10-02 10:05:17 +0000  copying file ./Frameworks/Flutter.framework/Headers/FlutterEngineGroup.h ... 
2025-10-02 10:05:17 +0000  4755 bytes for ./Frameworks/Flutter.framework/Headers/FlutterEngineGroup.h
2025-10-02 10:05:17 +0000  copying file ./Frameworks/Flutter.framework/Headers/FlutterPlatformViews.h ... 
2025-10-02 10:05:17 +0000  1967 bytes for ./Frameworks/Flutter.framework/Headers/FlutterPlatformViews.h
2025-10-02 10:05:17 +0000  copying file ./Frameworks/Flutter.framework/Headers/FlutterHeadlessDartRunner.h ... 
2025-10-02 10:05:17 +0000  3927 bytes for ./Frameworks/Flutter.framework/Headers/FlutterHeadlessDartRunner.h
2025-10-02 10:05:17 +0000  copying file ./Frameworks/Flutter.framework/Headers/FlutterCodecs.h ... 
2025-10-02 10:05:17 +0000  15290 bytes for ./Frameworks/Flutter.framework/Headers/FlutterCodecs.h
2025-10-02 10:05:17 +0000  copying file ./Frameworks/Flutter.framework/Headers/Flutter.h ... 
2025-10-02 10:05:17 +0000  887 bytes for ./Frameworks/Flutter.framework/Headers/Flutter.h
2025-10-02 10:05:17 +0000  copying file ./Frameworks/Flutter.framework/Headers/FlutterViewController.h ... 
2025-10-02 10:05:17 +0000  10172 bytes for ./Frameworks/Flutter.framework/Headers/FlutterViewController.h
2025-10-02 10:05:17 +0000  copying file ./Frameworks/Flutter.framework/Headers/FlutterMacros.h ... 
2025-10-02 10:05:17 +0000  1823 bytes for ./Frameworks/Flutter.framework/Headers/FlutterMacros.h
2025-10-02 10:05:17 +0000  copying file ./Frameworks/Flutter.framework/Headers/FlutterDartProject.h ... 
2025-10-02 10:05:17 +0000  3914 bytes for ./Frameworks/Flutter.framework/Headers/FlutterDartProject.h
2025-10-02 10:05:17 +0000  copying file ./Frameworks/Flutter.framework/Headers/FlutterHourFormat.h ... 
2025-10-02 10:05:17 +0000  536 bytes for ./Frameworks/Flutter.framework/Headers/FlutterHourFormat.h
2025-10-02 10:05:17 +0000  copying file ./Frameworks/Flutter.framework/Headers/FlutterPluginAppLifeCycleDelegate.h ... 
2025-10-02 10:05:17 +0000  5318 bytes for ./Frameworks/Flutter.framework/Headers/FlutterPluginAppLifeCycleDelegate.h
2025-10-02 10:05:17 +0000  copying file ./Frameworks/Flutter.framework/Headers/FlutterBinaryMessenger.h ... 
2025-10-02 10:05:17 +0000  3761 bytes for ./Frameworks/Flutter.framework/Headers/FlutterBinaryMessenger.h
2025-10-02 10:05:17 +0000  copying file ./Frameworks/Flutter.framework/Headers/FlutterCallbackCache.h ... 
2025-10-02 10:05:17 +0000  1724 bytes for ./Frameworks/Flutter.framework/Headers/FlutterCallbackCache.h
2025-10-02 10:05:17 +0000  copying file ./Frameworks/Flutter.framework/PrivacyInfo.xcprivacy ... 
2025-10-02 10:05:17 +0000  845 bytes for ./Frameworks/Flutter.framework/PrivacyInfo.xcprivacy
2025-10-02 10:05:17 +0000  copying file ./Frameworks/Flutter.framework/Modules/module.modulemap ... 
2025-10-02 10:05:17 +0000  95 bytes for ./Frameworks/Flutter.framework/Modules/module.modulemap
2025-10-02 10:05:17 +0000  copying file ./Frameworks/Flutter.framework/Info.plist ... 
2025-10-02 10:05:17 +0000  1078 bytes for ./Frameworks/Flutter.framework/Info.plist
2025-10-02 10:05:17 +0000  copying file ./Frameworks/App.framework/_CodeSignature/CodeResources ... 
2025-10-02 10:05:17 +0000  4910 bytes for ./Frameworks/App.framework/_CodeSignature/CodeResources
2025-10-02 10:05:17 +0000  copying file ./Frameworks/App.framework/App ... 
2025-10-02 10:05:17 +0000  7086816 bytes for ./Frameworks/App.framework/App
2025-10-02 10:05:17 +0000  copying file ./Frameworks/App.framework/flutter_assets/NOTICES.Z ... 
2025-10-02 10:05:17 +0000  86943 bytes for ./Frameworks/App.framework/flutter_assets/NOTICES.Z
copying file ./Frameworks/App.framework/flutter_assets/NativeAssetsManifest.json ... 
2025-10-02 10:05:17 +0000  45 bytes for ./Frameworks/App.framework/flutter_assets/NativeAssetsManifest.json
2025-10-02 10:05:17 +0000  copying file ./Frameworks/App.framework/flutter_assets/AssetManifest.json ... 
2025-10-02 10:05:17 +0000  271 bytes for ./Frameworks/App.framework/flutter_assets/AssetManifest.json
2025-10-02 10:05:17 +0000  copying file ./Frameworks/App.framework/flutter_assets/FontManifest.json ... 
2025-10-02 10:05:17 +0000  208 bytes for ./Frameworks/App.framework/flutter_assets/FontManifest.json
2025-10-02 10:05:17 +0000  copying file ./Frameworks/App.framework/flutter_assets/packages/cupertino_icons/assets/CupertinoIcons.ttf ... 
2025-10-02 10:05:17 +0000  257628 bytes for ./Frameworks/App.framework/flutter_assets/packages/cupertino_icons/assets/CupertinoIcons.ttf
2025-10-02 10:05:17 +0000  copying file ./Frameworks/App.framework/flutter_assets/shaders/ink_sparkle.frag ... 
2025-10-02 10:05:17 +0000  11984 bytes for ./Frameworks/App.framework/flutter_assets/shaders/ink_sparkle.frag
2025-10-02 10:05:17 +0000  copying file ./Frameworks/App.framework/flutter_assets/AssetManifest.bin ... 
2025-10-02 10:05:17 +0000  307 bytes for ./Frameworks/App.framework/flutter_assets/AssetManifest.bin
2025-10-02 10:05:17 +0000  copying file ./Frameworks/App.framework/flutter_assets/fonts/MaterialIcons-Regular.otf ... 
2025-10-02 10:05:17 +0000  9792 bytes for ./Frameworks/App.framework/flutter_assets/fonts/MaterialIcons-Regular.otf
2025-10-02 10:05:17 +0000  copying file ./Frameworks/App.framework/flutter_assets/assets/icon.png ... 
2025-10-02 10:05:17 +0000  398462 bytes for ./Frameworks/App.framework/flutter_assets/assets/icon.png
2025-10-02 10:05:17 +0000  copying file ./Frameworks/App.framework/flutter_assets/assets/icon.svg ... 
2025-10-02 10:05:17 +0000  768 bytes for ./Frameworks/App.framework/flutter_assets/assets/icon.svg
2025-10-02 10:05:17 +0000  copying file ./Frameworks/App.framework/flutter_assets/assets/umbj.png ... 
2025-10-02 10:05:17 +0000  294455 bytes for ./Frameworks/App.framework/flutter_assets/assets/umbj.png
2025-10-02 10:05:17 +0000  copying file ./Frameworks/App.framework/flutter_assets/assets/kemdikbud.png ... 
2025-10-02 10:05:17 +0000  57177 bytes for ./Frameworks/App.framework/flutter_assets/assets/kemdikbud.png
2025-10-02 10:05:17 +0000  copying file ./Frameworks/App.framework/Info.plist ... 
2025-10-02 10:05:17 +0000  774 bytes for ./Frameworks/App.framework/Info.plist
2025-10-02 10:05:17 +0000  copying file ./Frameworks/url_launcher_ios.framework/_CodeSignature/CodeResources ... 
2025-10-02 10:05:17 +0000  2368 bytes for ./Frameworks/url_launcher_ios.framework/_CodeSignature/CodeResources
2025-10-02 10:05:17 +0000  copying file ./Frameworks/url_launcher_ios.framework/url_launcher_ios ... 
2025-10-02 10:05:17 +0000  202448 bytes for ./Frameworks/url_launcher_ios.framework/url_launcher_ios
2025-10-02 10:05:17 +0000  copying file ./Frameworks/url_launcher_ios.framework/url_launcher_ios_privacy.bundle/PrivacyInfo.xcprivacy ... 
2025-10-02 10:05:17 +0000  373 bytes for ./Frameworks/url_launcher_ios.framework/url_launcher_ios_privacy.bundle/PrivacyInfo.xcprivacy
2025-10-02 10:05:17 +0000  copying file ./Frameworks/url_launcher_ios.framework/url_launcher_ios_privacy.bundle/Info.plist ... 
2025-10-02 10:05:17 +0000  796 bytes for ./Frameworks/url_launcher_ios.framework/url_launcher_ios_privacy.bundle/Info.plist
2025-10-02 10:05:17 +0000  copying file ./Frameworks/url_launcher_ios.framework/Info.plist ... 
2025-10-02 10:05:17 +0000  805 bytes for ./Frameworks/url_launcher_ios.framework/Info.plist
2025-10-02 10:05:17 +0000  copying file ./Frameworks/shared_preferences_foundation.framework/_CodeSignature/CodeResources ... 
2025-10-02 10:05:17 +0000  2420 bytes for ./Frameworks/shared_preferences_foundation.framework/_CodeSignature/CodeResources
2025-10-02 10:05:17 +0000  copying file ./Frameworks/shared_preferences_foundation.framework/shared_preferences_foundation_privacy.bundle/PrivacyInfo.xcprivacy ... 
2025-10-02 10:05:17 +0000  598 bytes for ./Frameworks/shared_preferences_foundation.framework/shared_preferences_foundation_privacy.bundle/PrivacyInfo.xcprivacy
2025-10-02 10:05:17 +0000  copying file ./Frameworks/shared_preferences_foundation.framework/shared_preferences_foundation_privacy.bundle/Info.plist ... 
2025-10-02 10:05:17 +0000  822 bytes for ./Frameworks/shared_preferences_foundation.framework/shared_preferences_foundation_privacy.bundle/Info.plist
2025-10-02 10:05:17 +0000  copying file ./Frameworks/shared_preferences_foundation.framework/shared_preferences_foundation ... 
2025-10-02 10:05:17 +0000  214784 bytes for ./Frameworks/shared_preferences_foundation.framework/shared_preferences_foundation
2025-10-02 10:05:17 +0000  copying file ./Frameworks/shared_preferences_foundation.framework/Info.plist ... 
2025-10-02 10:05:17 +0000  831 bytes for ./Frameworks/shared_preferences_foundation.framework/Info.plist
2025-10-02 10:05:17 +0000  copying file ./embedded.mobileprovision ... 
2025-10-02 10:05:17 +0000  12229 bytes for ./embedded.mobileprovision
2025-10-02 10:05:17 +0000  copying file ./Info.plist ... 
2025-10-02 10:05:17 +0000  2319 bytes for ./Info.plist
2025-10-02 10:05:17 +0000  copying file ./PkgInfo ... 
2025-10-02 10:05:17 +0000  8 bytes for ./PkgInfo
2025-10-02 10:05:17 +0000 [MT] /usr/bin/ditto exited with 0
2025-10-02 10:05:17 +0000 [MT] Processing step: IDEDistributionEmbedProfileStep
2025-10-02 10:05:17 +0000 [MT] Skipping profile for item: <IDEDistributionItem: 0x7a67b1e60; bundleID='io.flutter.flutter.app', path='<DVTFilePath:0x7a66e7540:'/Users/kaikha/Documents/flutter-breast/build/ios/archive/Runner.xcarchive/Products/Applications/Runner.app/Frameworks/App.framework'>', codeSigningInfo='<_DVTCodeSigningInformation_Path: 0x7a67b1bc0; isSigned='1', isAdHocSigned='0', signingCertificate='<DVTSigningCertificate: 0x7a68c0780; name='Apple Development: Richar Sain firson (MDU76P92CZ)', hash='1CB4EC93E2A11862AFEBEB7DD3563AEC81A9992F', serialNumber='4EE0A0D1A50472C3F401927BFB08A761', certificateKinds='(
    "1.2.840.113635.100.6.1.12",
    "1.2.840.113635.100.6.1.2"
), issueDate='2025-09-23 02:15:56 +0000''>', entitlements='(null)', teamID='D75HBF7K8Q', identifier='io.flutter.flutter.app', executablePath='<DVTFilePath:0x7a66e77e0:'/Users/kaikha/Documents/flutter-breast/build/ios/archive/Runner.xcarchive/Products/Applications/Runner.app/Frameworks/App.framework/App'>', hardenedRuntime='0'>'>
2025-10-02 10:05:17 +0000 [MT] Skipping profile for item: <IDEDistributionItem: 0x7a67b1860; bundleID='io.flutter.flutter', path='<DVTFilePath:0x7a6798150:'/Users/kaikha/Documents/flutter-breast/build/ios/archive/Runner.xcarchive/Products/Applications/Runner.app/Frameworks/Flutter.framework'>', codeSigningInfo='<_DVTCodeSigningInformation_Path: 0x7a67b1620; isSigned='1', isAdHocSigned='0', signingCertificate='<DVTSigningCertificate: 0x7a68c0780; name='Apple Development: Richar Sain firson (MDU76P92CZ)', hash='1CB4EC93E2A11862AFEBEB7DD3563AEC81A9992F', serialNumber='4EE0A0D1A50472C3F401927BFB08A761', certificateKinds='(
    "1.2.840.113635.100.6.1.12",
    "1.2.840.113635.100.6.1.2"
), issueDate='2025-09-23 02:15:56 +0000''>', entitlements='(null)', teamID='D75HBF7K8Q', identifier='io.flutter.flutter', executablePath='<DVTFilePath:0x7a66e6820:'/Users/kaikha/Documents/flutter-breast/build/ios/archive/Runner.xcarchive/Products/Applications/Runner.app/Frameworks/Flutter.framework/Flutter'>', hardenedRuntime='0'>'>
2025-10-02 10:05:17 +0000 [MT] Skipping profile for item: <IDEDistributionItem: 0x7a67b18c0; bundleID='org.cocoapods.image-picker-ios', path='<DVTFilePath:0x7a663ff70:'/Users/kaikha/Documents/flutter-breast/build/ios/archive/Runner.xcarchive/Products/Applications/Runner.app/Frameworks/image_picker_ios.framework'>', codeSigningInfo='<_DVTCodeSigningInformation_Path: 0x7a67b1980; isSigned='1', isAdHocSigned='0', signingCertificate='<DVTSigningCertificate: 0x7a68c0780; name='Apple Development: Richar Sain firson (MDU76P92CZ)', hash='1CB4EC93E2A11862AFEBEB7DD3563AEC81A9992F', serialNumber='4EE0A0D1A50472C3F401927BFB08A761', certificateKinds='(
    "1.2.840.113635.100.6.1.12",
    "1.2.840.113635.100.6.1.2"
), issueDate='2025-09-23 02:15:56 +0000''>', entitlements='(null)', teamID='D75HBF7K8Q', identifier='org.cocoapods.image-picker-ios', executablePath='<DVTFilePath:0x7a67980e0:'/Users/kaikha/Documents/flutter-breast/build/ios/archive/Runner.xcarchive/Products/Applications/Runner.app/Frameworks/image_picker_ios.framework/image_picker_ios'>', hardenedRuntime='0'>'>
2025-10-02 10:05:17 +0000 [MT] Skipping profile for item: <IDEDistributionItem: 0x7a67b19e0; bundleID='org.cocoapods.shared-preferences-foundation', path='<DVTFilePath:0x7a4036700:'/Users/kaikha/Documents/flutter-breast/build/ios/archive/Runner.xcarchive/Products/Applications/Runner.app/Frameworks/shared_preferences_foundation.framework'>', codeSigningInfo='<_DVTCodeSigningInformation_Path: 0x7a67b1a40; isSigned='1', isAdHocSigned='0', signingCertificate='<DVTSigningCertificate: 0x7a68c0780; name='Apple Development: Richar Sain firson (MDU76P92CZ)', hash='1CB4EC93E2A11862AFEBEB7DD3563AEC81A9992F', serialNumber='4EE0A0D1A50472C3F401927BFB08A761', certificateKinds='(
    "1.2.840.113635.100.6.1.12",
    "1.2.840.113635.100.6.1.2"
), issueDate='2025-09-23 02:15:56 +0000''>', entitlements='(null)', teamID='D75HBF7K8Q', identifier='org.cocoapods.shared-preferences-foundation', executablePath='<DVTFilePath:0x7a6798d20:'/Users/kaikha/Documents/flutter-breast/build/ios/archive/Runner.xcarchive/Products/Applications/Runner.app/Frameworks/shared_preferences_foundation.framework/shared_preferences_foundation'>', hardenedRuntime='0'>'>
2025-10-02 10:05:17 +0000 [MT] Skipping profile for item: <IDEDistributionItem: 0x7a67b1aa0; bundleID='org.cocoapods.url-launcher-ios', path='<DVTFilePath:0x7a6798af0:'/Users/kaikha/Documents/flutter-breast/build/ios/archive/Runner.xcarchive/Products/Applications/Runner.app/Frameworks/url_launcher_ios.framework'>', codeSigningInfo='<_DVTCodeSigningInformation_Path: 0x7a67b1b00; isSigned='1', isAdHocSigned='0', signingCertificate='<DVTSigningCertificate: 0x7a68c0780; name='Apple Development: Richar Sain firson (MDU76P92CZ)', hash='1CB4EC93E2A11862AFEBEB7DD3563AEC81A9992F', serialNumber='4EE0A0D1A50472C3F401927BFB08A761', certificateKinds='(
    "1.2.840.113635.100.6.1.12",
    "1.2.840.113635.100.6.1.2"
), issueDate='2025-09-23 02:15:56 +0000''>', entitlements='(null)', teamID='D75HBF7K8Q', identifier='org.cocoapods.url-launcher-ios', executablePath='<DVTFilePath:0x7a6798b60:'/Users/kaikha/Documents/flutter-breast/build/ios/archive/Runner.xcarchive/Products/Applications/Runner.app/Frameworks/url_launcher_ios.framework/url_launcher_ios'>', hardenedRuntime='0'>'>
2025-10-02 10:05:17 +0000 [MT] Processing step: IDEDistributionInfoPlistStep
2025-10-02 10:05:17 +0000 [MT] Skipping Info.plist step because item: <IDEDistributionItem: 0x7a67b1e60; bundleID='io.flutter.flutter.app', path='<DVTFilePath:0x7a66e7540:'/Users/kaikha/Documents/flutter-breast/build/ios/archive/Runner.xcarchive/Products/Applications/Runner.app/Frameworks/App.framework'>', codeSigningInfo='<_DVTCodeSigningInformation_Path: 0x7a67b1bc0; isSigned='1', isAdHocSigned='0', signingCertificate='<DVTSigningCertificate: 0x7a68c0780; name='Apple Development: Richar Sain firson (MDU76P92CZ)', hash='1CB4EC93E2A11862AFEBEB7DD3563AEC81A9992F', serialNumber='4EE0A0D1A50472C3F401927BFB08A761', certificateKinds='(
    "1.2.840.113635.100.6.1.12",
    "1.2.840.113635.100.6.1.2"
), issueDate='2025-09-23 02:15:56 +0000''>', entitlements='(null)', teamID='D75HBF7K8Q', identifier='io.flutter.flutter.app', executablePath='<DVTFilePath:0x7a66e77e0:'/Users/kaikha/Documents/flutter-breast/build/ios/archive/Runner.xcarchive/Products/Applications/Runner.app/Frameworks/App.framework/App'>', hardenedRuntime='0'>'> is a framework or embedded in a framework.
2025-10-02 10:05:17 +0000 [MT] Skipping Info.plist step because item: <IDEDistributionItem: 0x7a67b1860; bundleID='io.flutter.flutter', path='<DVTFilePath:0x7a6798150:'/Users/kaikha/Documents/flutter-breast/build/ios/archive/Runner.xcarchive/Products/Applications/Runner.app/Frameworks/Flutter.framework'>', codeSigningInfo='<_DVTCodeSigningInformation_Path: 0x7a67b1620; isSigned='1', isAdHocSigned='0', signingCertificate='<DVTSigningCertificate: 0x7a68c0780; name='Apple Development: Richar Sain firson (MDU76P92CZ)', hash='1CB4EC93E2A11862AFEBEB7DD3563AEC81A9992F', serialNumber='4EE0A0D1A50472C3F401927BFB08A761', certificateKinds='(
    "1.2.840.113635.100.6.1.12",
    "1.2.840.113635.100.6.1.2"
), issueDate='2025-09-23 02:15:56 +0000''>', entitlements='(null)', teamID='D75HBF7K8Q', identifier='io.flutter.flutter', executablePath='<DVTFilePath:0x7a66e6820:'/Users/kaikha/Documents/flutter-breast/build/ios/archive/Runner.xcarchive/Products/Applications/Runner.app/Frameworks/Flutter.framework/Flutter'>', hardenedRuntime='0'>'> is a framework or embedded in a framework.
2025-10-02 10:05:17 +0000 [MT] Skipping Info.plist step because item: <IDEDistributionItem: 0x7a67b18c0; bundleID='org.cocoapods.image-picker-ios', path='<DVTFilePath:0x7a663ff70:'/Users/kaikha/Documents/flutter-breast/build/ios/archive/Runner.xcarchive/Products/Applications/Runner.app/Frameworks/image_picker_ios.framework'>', codeSigningInfo='<_DVTCodeSigningInformation_Path: 0x7a67b1980; isSigned='1', isAdHocSigned='0', signingCertificate='<DVTSigningCertificate: 0x7a68c0780; name='Apple Development: Richar Sain firson (MDU76P92CZ)', hash='1CB4EC93E2A11862AFEBEB7DD3563AEC81A9992F', serialNumber='4EE0A0D1A50472C3F401927BFB08A761', certificateKinds='(
    "1.2.840.113635.100.6.1.12",
    "1.2.840.113635.100.6.1.2"
), issueDate='2025-09-23 02:15:56 +0000''>', entitlements='(null)', teamID='D75HBF7K8Q', identifier='org.cocoapods.image-picker-ios', executablePath='<DVTFilePath:0x7a67980e0:'/Users/kaikha/Documents/flutter-breast/build/ios/archive/Runner.xcarchive/Products/Applications/Runner.app/Frameworks/image_picker_ios.framework/image_picker_ios'>', hardenedRuntime='0'>'> is a framework or embedded in a framework.
2025-10-02 10:05:17 +0000 [MT] Skipping Info.plist step because item: <IDEDistributionItem: 0x7a67b19e0; bundleID='org.cocoapods.shared-preferences-foundation', path='<DVTFilePath:0x7a4036700:'/Users/kaikha/Documents/flutter-breast/build/ios/archive/Runner.xcarchive/Products/Applications/Runner.app/Frameworks/shared_preferences_foundation.framework'>', codeSigningInfo='<_DVTCodeSigningInformation_Path: 0x7a67b1a40; isSigned='1', isAdHocSigned='0', signingCertificate='<DVTSigningCertificate: 0x7a68c0780; name='Apple Development: Richar Sain firson (MDU76P92CZ)', hash='1CB4EC93E2A11862AFEBEB7DD3563AEC81A9992F', serialNumber='4EE0A0D1A50472C3F401927BFB08A761', certificateKinds='(
    "1.2.840.113635.100.6.1.12",
    "1.2.840.113635.100.6.1.2"
), issueDate='2025-09-23 02:15:56 +0000''>', entitlements='(null)', teamID='D75HBF7K8Q', identifier='org.cocoapods.shared-preferences-foundation', executablePath='<DVTFilePath:0x7a6798d20:'/Users/kaikha/Documents/flutter-breast/build/ios/archive/Runner.xcarchive/Products/Applications/Runner.app/Frameworks/shared_preferences_foundation.framework/shared_preferences_foundation'>', hardenedRuntime='0'>'> is a framework or embedded in a framework.
2025-10-02 10:05:17 +0000 [MT] Skipping Info.plist step because item: <IDEDistributionItem: 0x7a67b1aa0; bundleID='org.cocoapods.url-launcher-ios', path='<DVTFilePath:0x7a6798af0:'/Users/kaikha/Documents/flutter-breast/build/ios/archive/Runner.xcarchive/Products/Applications/Runner.app/Frameworks/url_launcher_ios.framework'>', codeSigningInfo='<_DVTCodeSigningInformation_Path: 0x7a67b1b00; isSigned='1', isAdHocSigned='0', signingCertificate='<DVTSigningCertificate: 0x7a68c0780; name='Apple Development: Richar Sain firson (MDU76P92CZ)', hash='1CB4EC93E2A11862AFEBEB7DD3563AEC81A9992F', serialNumber='4EE0A0D1A50472C3F401927BFB08A761', certificateKinds='(
    "1.2.840.113635.100.6.1.12",
    "1.2.840.113635.100.6.1.2"
), issueDate='2025-09-23 02:15:56 +0000''>', entitlements='(null)', teamID='D75HBF7K8Q', identifier='org.cocoapods.url-launcher-ios', executablePath='<DVTFilePath:0x7a6798b60:'/Users/kaikha/Documents/flutter-breast/build/ios/archive/Runner.xcarchive/Products/Applications/Runner.app/Frameworks/url_launcher_ios.framework/url_launcher_ios'>', hardenedRuntime='0'>'> is a framework or embedded in a framework.
2025-10-02 10:05:17 +0000 [MT] Skipping setting DTXcodeBuildDistribution because toolsBuildVersionName was nil.
2025-10-02 10:05:17 +0000 [MT] Processing step: IDEDistributionItemRemovalStep
2025-10-02 10:05:17 +0000 [MT] Processing step: IDEDistributionAppThinningPlistStep
2025-10-02 10:05:17 +0000 [MT] Skipping step: IDEDistributionAppThinningPlistStep because it said so
2025-10-02 10:05:17 +0000 [MT] Processing step: IDEDistributionSymbolsStep
2025-10-02 10:05:17 +0000 [MT] Writing /var/folders/7l/68chzx416gd19gmhw_s8h__80000gn/T/XcodeDistPipeline.~~~LMS1f0/Symbols/4DF18DB5-C8F3-3AC1-BAA5-B8A2D8E9E420.symbols
2025-10-02 10:05:17 +0000 [MT] Writing /var/folders/7l/68chzx416gd19gmhw_s8h__80000gn/T/XcodeDistPipeline.~~~LMS1f0/Symbols/15D1F96B-E793-3770-9A4F-A1EF44375181.symbols
2025-10-02 10:05:17 +0000 [MT] Writing /var/folders/7l/68chzx416gd19gmhw_s8h__80000gn/T/XcodeDistPipeline.~~~LMS1f0/Symbols/4C4C44B5-5555-3144-A143-175AF624FB7A.symbols
2025-10-02 10:05:17 +0000 [MT] Writing /var/folders/7l/68chzx416gd19gmhw_s8h__80000gn/T/XcodeDistPipeline.~~~LMS1f0/Symbols/EF757A7E-5ABE-3A85-8B61-1BD1D4ED4DF7.symbols
2025-10-02 10:05:17 +0000 [MT] Writing /var/folders/7l/68chzx416gd19gmhw_s8h__80000gn/T/XcodeDistPipeline.~~~LMS1f0/Symbols/B2FB9D03-D14C-33DA-A0CB-EC20320767FA.symbols
2025-10-02 10:05:17 +0000 [MT] Writing /var/folders/7l/68chzx416gd19gmhw_s8h__80000gn/T/XcodeDistPipeline.~~~LMS1f0/Symbols/F6B84226-D82F-315C-90CD-B6179356CDD0.symbols
2025-10-02 10:05:17 +0000 [MT] Processing step: IDEDistributionCopyAppleProvidedContentStep
2025-10-02 10:05:17 +0000 [MT] Processing step: IDEDistributionAppThinningStep
2025-10-02 10:05:17 +0000 [MT] Skipping step: IDEDistributionAppThinningStep because it said so
2025-10-02 10:05:17 +0000 [MT] Processing step: IDEDistributionArchThinningStep
2025-10-02 10:05:17 +0000 [MT] Archs to thin for item /Users/kaikha/Documents/flutter-breast/build/ios/archive/Runner.xcarchive/Products/Applications/Runner.app/Frameworks/App.framework are []
2025-10-02 10:05:17 +0000 [MT] Archs to thin for item /Users/kaikha/Documents/flutter-breast/build/ios/archive/Runner.xcarchive/Products/Applications/Runner.app/Frameworks/Flutter.framework are []
2025-10-02 10:05:17 +0000 [MT] Archs to thin for item /Users/kaikha/Documents/flutter-breast/build/ios/archive/Runner.xcarchive/Products/Applications/Runner.app/Frameworks/image_picker_ios.framework are []
2025-10-02 10:05:17 +0000 [MT] Archs to thin for item /Users/kaikha/Documents/flutter-breast/build/ios/archive/Runner.xcarchive/Products/Applications/Runner.app/Frameworks/shared_preferences_foundation.framework are []
2025-10-02 10:05:17 +0000 [MT] Archs to thin for item /Users/kaikha/Documents/flutter-breast/build/ios/archive/Runner.xcarchive/Products/Applications/Runner.app/Frameworks/url_launcher_ios.framework are []
2025-10-02 10:05:17 +0000 [MT] Archs to thin for item /Users/kaikha/Documents/flutter-breast/build/ios/archive/Runner.xcarchive/Products/Applications/Runner.app are []
2025-10-02 10:05:17 +0000 [MT] Processing step: IDEDistributionODRStep
2025-10-02 10:05:17 +0000 [MT] Processing step: IDEDistributionStripXattrsStep
2025-10-02 10:05:17 +0000 [MT] Skipping stripping extended attributes because the codesign step will strip them.
2025-10-02 10:05:17 +0000 [MT] Skipping stripping extended attributes because the codesign step will strip them.
2025-10-02 10:05:17 +0000 [MT] Skipping stripping extended attributes because the codesign step will strip them.
2025-10-02 10:05:17 +0000 [MT] Skipping stripping extended attributes because the codesign step will strip them.
2025-10-02 10:05:17 +0000 [MT] Skipping stripping extended attributes because the codesign step will strip them.
2025-10-02 10:05:17 +0000 [MT] Skipping stripping extended attributes because the codesign step will strip them.
2025-10-02 10:05:17 +0000 [MT] Processing step: IDEDistributionCodesignStep
2025-10-02 10:05:17 +0000 [MT] Entitlements for <IDEDistributionItem: 0x7a67b1e60; bundleID='io.flutter.flutter.app', path='<DVTFilePath:0x7a66e7540:'/Users/kaikha/Documents/flutter-breast/build/ios/archive/Runner.xcarchive/Products/Applications/Runner.app/Frameworks/App.framework'>', codeSigningInfo='<_DVTCodeSigningInformation_Path: 0x7a67b1bc0; isSigned='1', isAdHocSigned='0', signingCertificate='<DVTSigningCertificate: 0x7a68c0180; name='Apple Development: Richar Sain firson (MDU76P92CZ)', hash='1CB4EC93E2A11862AFEBEB7DD3563AEC81A9992F', serialNumber='4EE0A0D1A50472C3F401927BFB08A761', certificateKinds='(
    "1.2.840.113635.100.6.1.12",
    "1.2.840.113635.100.6.1.2"
), issueDate='2025-09-23 02:15:56 +0000''>', entitlements='(null)', teamID='D75HBF7K8Q', identifier='io.flutter.flutter.app', executablePath='<DVTFilePath:0x7a66e77e0:'/Users/kaikha/Documents/flutter-breast/build/ios/archive/Runner.xcarchive/Products/Applications/Runner.app/Frameworks/App.framework/App'>', hardenedRuntime='0'>'>: {
}
2025-10-02 10:05:17 +0000 [MT] Associated App Clip Identifiers Filter: Skipping because "com.apple.developer.associated-appclip-app-identifiers" is not present
2025-10-02 10:05:17 +0000 [MT] Entitlements for <IDEDistributionItem: 0x7a67b1e60; bundleID='io.flutter.flutter.app', path='<DVTFilePath:0x7a66e7540:'/Users/kaikha/Documents/flutter-breast/build/ios/archive/Runner.xcarchive/Products/Applications/Runner.app/Frameworks/App.framework'>', codeSigningInfo='<_DVTCodeSigningInformation_Path: 0x7a67b1bc0; isSigned='1', isAdHocSigned='0', signingCertificate='<DVTSigningCertificate: 0x7a68c0780; name='Apple Development: Richar Sain firson (MDU76P92CZ)', hash='1CB4EC93E2A11862AFEBEB7DD3563AEC81A9992F', serialNumber='4EE0A0D1A50472C3F401927BFB08A761', certificateKinds='(
    "1.2.840.113635.100.6.1.12",
    "1.2.840.113635.100.6.1.2"
), issueDate='2025-09-23 02:15:56 +0000''>', entitlements='(null)', teamID='D75HBF7K8Q', identifier='io.flutter.flutter.app', executablePath='<DVTFilePath:0x7a66e77e0:'/Users/kaikha/Documents/flutter-breast/build/ios/archive/Runner.xcarchive/Products/Applications/Runner.app/Frameworks/App.framework/App'>', hardenedRuntime='0'>'> are: {
}
2025-10-02 10:05:17 +0000 [MT] Writing entitlements for <IDEDistributionItem: 0x7a67b1e60; bundleID='io.flutter.flutter.app', path='<DVTFilePath:0x7a66e7540:'/Users/kaikha/Documents/flutter-breast/build/ios/archive/Runner.xcarchive/Products/Applications/Runner.app/Frameworks/App.framework'>', codeSigningInfo='<_DVTCodeSigningInformation_Path: 0x7a67b1bc0; isSigned='1', isAdHocSigned='0', signingCertificate='<DVTSigningCertificate: 0x7a68c0780; name='Apple Development: Richar Sain firson (MDU76P92CZ)', hash='1CB4EC93E2A11862AFEBEB7DD3563AEC81A9992F', serialNumber='4EE0A0D1A50472C3F401927BFB08A761', certificateKinds='(
    "1.2.840.113635.100.6.1.12",
    "1.2.840.113635.100.6.1.2"
), issueDate='2025-09-23 02:15:56 +0000''>', entitlements='(null)', teamID='D75HBF7K8Q', identifier='io.flutter.flutter.app', executablePath='<DVTFilePath:0x7a66e77e0:'/Users/kaikha/Documents/flutter-breast/build/ios/archive/Runner.xcarchive/Products/Applications/Runner.app/Frameworks/App.framework/App'>', hardenedRuntime='0'>'> to: /var/folders/7l/68chzx416gd19gmhw_s8h__80000gn/T/XcodeDistPipeline.~~~LMS1f0/entitlements~~~9N3jra
2025-10-02 10:05:17 +0000 [MT] invoking codesign: <NSConcreteTask: 0x7a418fb10; launchPath='/usr/bin/codesign', arguments='(
    "-f",
    "-s",
    76FC6059AC880258CE439076AF46EE710A8799C5,
    "--entitlements",
    "/var/folders/7l/68chzx416gd19gmhw_s8h__80000gn/T/XcodeDistPipeline.~~~LMS1f0/entitlements~~~9N3jra",
    "--preserve-metadata=identifier,flags,runtime,launch-constraints,library-constraints",
    "--generate-entitlement-der",
    "--strip-disallowed-xattrs",
    "-vvv",
    "/var/folders/7l/68chzx416gd19gmhw_s8h__80000gn/T/XcodeDistPipeline.~~~LMS1f0/Root/Payload/Runner.app/Frameworks/App.framework"
)'>
2025-10-02 10:05:17 +0000 [MT] codesign output: /var/folders/7l/68chzx416gd19gmhw_s8h__80000gn/T/XcodeDistPipeline.~~~LMS1f0/Root/Payload/Runner.app/Frameworks/App.framework: replacing existing signature
/var/folders/7l/68chzx416gd19gmhw_s8h__80000gn/T/XcodeDistPipeline.~~~LMS1f0/Root/Payload/Runner.app/Frameworks/App.framework: signed bundle with Mach-O universal (arm64) [io.flutter.flutter.app]
2025-10-02 10:05:17 +0000 [MT] Entitlements for <IDEDistributionItem: 0x7a67b1860; bundleID='io.flutter.flutter', path='<DVTFilePath:0x7a6798150:'/Users/kaikha/Documents/flutter-breast/build/ios/archive/Runner.xcarchive/Products/Applications/Runner.app/Frameworks/Flutter.framework'>', codeSigningInfo='<_DVTCodeSigningInformation_Path: 0x7a67b1620; isSigned='1', isAdHocSigned='0', signingCertificate='<DVTSigningCertificate: 0x7a68c0180; name='Apple Development: Richar Sain firson (MDU76P92CZ)', hash='1CB4EC93E2A11862AFEBEB7DD3563AEC81A9992F', serialNumber='4EE0A0D1A50472C3F401927BFB08A761', certificateKinds='(
    "1.2.840.113635.100.6.1.12",
    "1.2.840.113635.100.6.1.2"
), issueDate='2025-09-23 02:15:56 +0000''>', entitlements='(null)', teamID='D75HBF7K8Q', identifier='io.flutter.flutter', executablePath='<DVTFilePath:0x7a66e6820:'/Users/kaikha/Documents/flutter-breast/build/ios/archive/Runner.xcarchive/Products/Applications/Runner.app/Frameworks/Flutter.framework/Flutter'>', hardenedRuntime='0'>'>: {
}
2025-10-02 10:05:17 +0000 [MT] Associated App Clip Identifiers Filter: Skipping because "com.apple.developer.associated-appclip-app-identifiers" is not present
2025-10-02 10:05:17 +0000 [MT] Entitlements for <IDEDistributionItem: 0x7a67b1860; bundleID='io.flutter.flutter', path='<DVTFilePath:0x7a6798150:'/Users/kaikha/Documents/flutter-breast/build/ios/archive/Runner.xcarchive/Products/Applications/Runner.app/Frameworks/Flutter.framework'>', codeSigningInfo='<_DVTCodeSigningInformation_Path: 0x7a67b1620; isSigned='1', isAdHocSigned='0', signingCertificate='<DVTSigningCertificate: 0x7a68c0780; name='Apple Development: Richar Sain firson (MDU76P92CZ)', hash='1CB4EC93E2A11862AFEBEB7DD3563AEC81A9992F', serialNumber='4EE0A0D1A50472C3F401927BFB08A761', certificateKinds='(
    "1.2.840.113635.100.6.1.12",
    "1.2.840.113635.100.6.1.2"
), issueDate='2025-09-23 02:15:56 +0000''>', entitlements='(null)', teamID='D75HBF7K8Q', identifier='io.flutter.flutter', executablePath='<DVTFilePath:0x7a66e6820:'/Users/kaikha/Documents/flutter-breast/build/ios/archive/Runner.xcarchive/Products/Applications/Runner.app/Frameworks/Flutter.framework/Flutter'>', hardenedRuntime='0'>'> are: {
}
2025-10-02 10:05:17 +0000 [MT] Writing entitlements for <IDEDistributionItem: 0x7a67b1860; bundleID='io.flutter.flutter', path='<DVTFilePath:0x7a6798150:'/Users/kaikha/Documents/flutter-breast/build/ios/archive/Runner.xcarchive/Products/Applications/Runner.app/Frameworks/Flutter.framework'>', codeSigningInfo='<_DVTCodeSigningInformation_Path: 0x7a67b1620; isSigned='1', isAdHocSigned='0', signingCertificate='<DVTSigningCertificate: 0x7a68c0780; name='Apple Development: Richar Sain firson (MDU76P92CZ)', hash='1CB4EC93E2A11862AFEBEB7DD3563AEC81A9992F', serialNumber='4EE0A0D1A50472C3F401927BFB08A761', certificateKinds='(
    "1.2.840.113635.100.6.1.12",
    "1.2.840.113635.100.6.1.2"
), issueDate='2025-09-23 02:15:56 +0000''>', entitlements='(null)', teamID='D75HBF7K8Q', identifier='io.flutter.flutter', executablePath='<DVTFilePath:0x7a66e6820:'/Users/kaikha/Documents/flutter-breast/build/ios/archive/Runner.xcarchive/Products/Applications/Runner.app/Frameworks/Flutter.framework/Flutter'>', hardenedRuntime='0'>'> to: /var/folders/7l/68chzx416gd19gmhw_s8h__80000gn/T/XcodeDistPipeline.~~~LMS1f0/entitlements~~~wgIRAl
2025-10-02 10:05:17 +0000 [MT] invoking codesign: <NSConcreteTask: 0x7a418fc50; launchPath='/usr/bin/codesign', arguments='(
    "-f",
    "-s",
    76FC6059AC880258CE439076AF46EE710A8799C5,
    "--entitlements",
    "/var/folders/7l/68chzx416gd19gmhw_s8h__80000gn/T/XcodeDistPipeline.~~~LMS1f0/entitlements~~~wgIRAl",
    "--preserve-metadata=identifier,flags,runtime,launch-constraints,library-constraints",
    "--generate-entitlement-der",
    "--strip-disallowed-xattrs",
    "-vvv",
    "/var/folders/7l/68chzx416gd19gmhw_s8h__80000gn/T/XcodeDistPipeline.~~~LMS1f0/Root/Payload/Runner.app/Frameworks/Flutter.framework"
)'>
2025-10-02 10:05:18 +0000 [MT] codesign output: /var/folders/7l/68chzx416gd19gmhw_s8h__80000gn/T/XcodeDistPipeline.~~~LMS1f0/Root/Payload/Runner.app/Frameworks/Flutter.framework: replacing existing signature
/var/folders/7l/68chzx416gd19gmhw_s8h__80000gn/T/XcodeDistPipeline.~~~LMS1f0/Root/Payload/Runner.app/Frameworks/Flutter.framework: signed bundle with Mach-O thin (arm64) [io.flutter.flutter]
2025-10-02 10:05:18 +0000 [MT] Entitlements for <IDEDistributionItem: 0x7a67b18c0; bundleID='org.cocoapods.image-picker-ios', path='<DVTFilePath:0x7a663ff70:'/Users/kaikha/Documents/flutter-breast/build/ios/archive/Runner.xcarchive/Products/Applications/Runner.app/Frameworks/image_picker_ios.framework'>', codeSigningInfo='<_DVTCodeSigningInformation_Path: 0x7a67b1980; isSigned='1', isAdHocSigned='0', signingCertificate='<DVTSigningCertificate: 0x7a68c0180; name='Apple Development: Richar Sain firson (MDU76P92CZ)', hash='1CB4EC93E2A11862AFEBEB7DD3563AEC81A9992F', serialNumber='4EE0A0D1A50472C3F401927BFB08A761', certificateKinds='(
    "1.2.840.113635.100.6.1.12",
    "1.2.840.113635.100.6.1.2"
), issueDate='2025-09-23 02:15:56 +0000''>', entitlements='(null)', teamID='D75HBF7K8Q', identifier='org.cocoapods.image-picker-ios', executablePath='<DVTFilePath:0x7a67980e0:'/Users/kaikha/Documents/flutter-breast/build/ios/archive/Runner.xcarchive/Products/Applications/Runner.app/Frameworks/image_picker_ios.framework/image_picker_ios'>', hardenedRuntime='0'>'>: {
}
2025-10-02 10:05:18 +0000 [MT] Associated App Clip Identifiers Filter: Skipping because "com.apple.developer.associated-appclip-app-identifiers" is not present
2025-10-02 10:05:18 +0000 [MT] Entitlements for <IDEDistributionItem: 0x7a67b18c0; bundleID='org.cocoapods.image-picker-ios', path='<DVTFilePath:0x7a663ff70:'/Users/kaikha/Documents/flutter-breast/build/ios/archive/Runner.xcarchive/Products/Applications/Runner.app/Frameworks/image_picker_ios.framework'>', codeSigningInfo='<_DVTCodeSigningInformation_Path: 0x7a67b1980; isSigned='1', isAdHocSigned='0', signingCertificate='<DVTSigningCertificate: 0x7a68c0780; name='Apple Development: Richar Sain firson (MDU76P92CZ)', hash='1CB4EC93E2A11862AFEBEB7DD3563AEC81A9992F', serialNumber='4EE0A0D1A50472C3F401927BFB08A761', certificateKinds='(
    "1.2.840.113635.100.6.1.12",
    "1.2.840.113635.100.6.1.2"
), issueDate='2025-09-23 02:15:56 +0000''>', entitlements='(null)', teamID='D75HBF7K8Q', identifier='org.cocoapods.image-picker-ios', executablePath='<DVTFilePath:0x7a67980e0:'/Users/kaikha/Documents/flutter-breast/build/ios/archive/Runner.xcarchive/Products/Applications/Runner.app/Frameworks/image_picker_ios.framework/image_picker_ios'>', hardenedRuntime='0'>'> are: {
}
2025-10-02 10:05:18 +0000 [MT] Writing entitlements for <IDEDistributionItem: 0x7a67b18c0; bundleID='org.cocoapods.image-picker-ios', path='<DVTFilePath:0x7a663ff70:'/Users/kaikha/Documents/flutter-breast/build/ios/archive/Runner.xcarchive/Products/Applications/Runner.app/Frameworks/image_picker_ios.framework'>', codeSigningInfo='<_DVTCodeSigningInformation_Path: 0x7a67b1980; isSigned='1', isAdHocSigned='0', signingCertificate='<DVTSigningCertificate: 0x7a68c0780; name='Apple Development: Richar Sain firson (MDU76P92CZ)', hash='1CB4EC93E2A11862AFEBEB7DD3563AEC81A9992F', serialNumber='4EE0A0D1A50472C3F401927BFB08A761', certificateKinds='(
    "1.2.840.113635.100.6.1.12",
    "1.2.840.113635.100.6.1.2"
), issueDate='2025-09-23 02:15:56 +0000''>', entitlements='(null)', teamID='D75HBF7K8Q', identifier='org.cocoapods.image-picker-ios', executablePath='<DVTFilePath:0x7a67980e0:'/Users/kaikha/Documents/flutter-breast/build/ios/archive/Runner.xcarchive/Products/Applications/Runner.app/Frameworks/image_picker_ios.framework/image_picker_ios'>', hardenedRuntime='0'>'> to: /var/folders/7l/68chzx416gd19gmhw_s8h__80000gn/T/XcodeDistPipeline.~~~LMS1f0/entitlements~~~HmU0Zx
2025-10-02 10:05:18 +0000 [MT] invoking codesign: <NSConcreteTask: 0x7a418fc50; launchPath='/usr/bin/codesign', arguments='(
    "-f",
    "-s",
    76FC6059AC880258CE439076AF46EE710A8799C5,
    "--entitlements",
    "/var/folders/7l/68chzx416gd19gmhw_s8h__80000gn/T/XcodeDistPipeline.~~~LMS1f0/entitlements~~~HmU0Zx",
    "--preserve-metadata=identifier,flags,runtime,launch-constraints,library-constraints",
    "--generate-entitlement-der",
    "--strip-disallowed-xattrs",
    "-vvv",
    "/var/folders/7l/68chzx416gd19gmhw_s8h__80000gn/T/XcodeDistPipeline.~~~LMS1f0/Root/Payload/Runner.app/Frameworks/image_picker_ios.framework"
)'>
2025-10-02 10:05:18 +0000 [MT] codesign output: /var/folders/7l/68chzx416gd19gmhw_s8h__80000gn/T/XcodeDistPipeline.~~~LMS1f0/Root/Payload/Runner.app/Frameworks/image_picker_ios.framework: replacing existing signature
/var/folders/7l/68chzx416gd19gmhw_s8h__80000gn/T/XcodeDistPipeline.~~~LMS1f0/Root/Payload/Runner.app/Frameworks/image_picker_ios.framework: signed bundle with Mach-O thin (arm64) [org.cocoapods.image-picker-ios]
2025-10-02 10:05:18 +0000 [MT] Entitlements for <IDEDistributionItem: 0x7a67b19e0; bundleID='org.cocoapods.shared-preferences-foundation', path='<DVTFilePath:0x7a4036700:'/Users/kaikha/Documents/flutter-breast/build/ios/archive/Runner.xcarchive/Products/Applications/Runner.app/Frameworks/shared_preferences_foundation.framework'>', codeSigningInfo='<_DVTCodeSigningInformation_Path: 0x7a67b1a40; isSigned='1', isAdHocSigned='0', signingCertificate='<DVTSigningCertificate: 0x7a68c0180; name='Apple Development: Richar Sain firson (MDU76P92CZ)', hash='1CB4EC93E2A11862AFEBEB7DD3563AEC81A9992F', serialNumber='4EE0A0D1A50472C3F401927BFB08A761', certificateKinds='(
    "1.2.840.113635.100.6.1.12",
    "1.2.840.113635.100.6.1.2"
), issueDate='2025-09-23 02:15:56 +0000''>', entitlements='(null)', teamID='D75HBF7K8Q', identifier='org.cocoapods.shared-preferences-foundation', executablePath='<DVTFilePath:0x7a6798d20:'/Users/kaikha/Documents/flutter-breast/build/ios/archive/Runner.xcarchive/Products/Applications/Runner.app/Frameworks/shared_preferences_foundation.framework/shared_preferences_foundation'>', hardenedRuntime='0'>'>: {
}
2025-10-02 10:05:18 +0000 [MT] Associated App Clip Identifiers Filter: Skipping because "com.apple.developer.associated-appclip-app-identifiers" is not present
2025-10-02 10:05:18 +0000 [MT] Entitlements for <IDEDistributionItem: 0x7a67b19e0; bundleID='org.cocoapods.shared-preferences-foundation', path='<DVTFilePath:0x7a4036700:'/Users/kaikha/Documents/flutter-breast/build/ios/archive/Runner.xcarchive/Products/Applications/Runner.app/Frameworks/shared_preferences_foundation.framework'>', codeSigningInfo='<_DVTCodeSigningInformation_Path: 0x7a67b1a40; isSigned='1', isAdHocSigned='0', signingCertificate='<DVTSigningCertificate: 0x7a68c0780; name='Apple Development: Richar Sain firson (MDU76P92CZ)', hash='1CB4EC93E2A11862AFEBEB7DD3563AEC81A9992F', serialNumber='4EE0A0D1A50472C3F401927BFB08A761', certificateKinds='(
    "1.2.840.113635.100.6.1.12",
    "1.2.840.113635.100.6.1.2"
), issueDate='2025-09-23 02:15:56 +0000''>', entitlements='(null)', teamID='D75HBF7K8Q', identifier='org.cocoapods.shared-preferences-foundation', executablePath='<DVTFilePath:0x7a6798d20:'/Users/kaikha/Documents/flutter-breast/build/ios/archive/Runner.xcarchive/Products/Applications/Runner.app/Frameworks/shared_preferences_foundation.framework/shared_preferences_foundation'>', hardenedRuntime='0'>'> are: {
}
2025-10-02 10:05:18 +0000 [MT] Writing entitlements for <IDEDistributionItem: 0x7a67b19e0; bundleID='org.cocoapods.shared-preferences-foundation', path='<DVTFilePath:0x7a4036700:'/Users/kaikha/Documents/flutter-breast/build/ios/archive/Runner.xcarchive/Products/Applications/Runner.app/Frameworks/shared_preferences_foundation.framework'>', codeSigningInfo='<_DVTCodeSigningInformation_Path: 0x7a67b1a40; isSigned='1', isAdHocSigned='0', signingCertificate='<DVTSigningCertificate: 0x7a68c0780; name='Apple Development: Richar Sain firson (MDU76P92CZ)', hash='1CB4EC93E2A11862AFEBEB7DD3563AEC81A9992F', serialNumber='4EE0A0D1A50472C3F401927BFB08A761', certificateKinds='(
    "1.2.840.113635.100.6.1.12",
    "1.2.840.113635.100.6.1.2"
), issueDate='2025-09-23 02:15:56 +0000''>', entitlements='(null)', teamID='D75HBF7K8Q', identifier='org.cocoapods.shared-preferences-foundation', executablePath='<DVTFilePath:0x7a6798d20:'/Users/kaikha/Documents/flutter-breast/build/ios/archive/Runner.xcarchive/Products/Applications/Runner.app/Frameworks/shared_preferences_foundation.framework/shared_preferences_foundation'>', hardenedRuntime='0'>'> to: /var/folders/7l/68chzx416gd19gmhw_s8h__80000gn/T/XcodeDistPipeline.~~~LMS1f0/entitlements~~~FaPQS9
2025-10-02 10:05:18 +0000 [MT] invoking codesign: <NSConcreteTask: 0x7a418fc50; launchPath='/usr/bin/codesign', arguments='(
    "-f",
    "-s",
    76FC6059AC880258CE439076AF46EE710A8799C5,
    "--entitlements",
    "/var/folders/7l/68chzx416gd19gmhw_s8h__80000gn/T/XcodeDistPipeline.~~~LMS1f0/entitlements~~~FaPQS9",
    "--preserve-metadata=identifier,flags,runtime,launch-constraints,library-constraints",
    "--generate-entitlement-der",
    "--strip-disallowed-xattrs",
    "-vvv",
    "/var/folders/7l/68chzx416gd19gmhw_s8h__80000gn/T/XcodeDistPipeline.~~~LMS1f0/Root/Payload/Runner.app/Frameworks/shared_preferences_foundation.framework"
)'>
2025-10-02 10:05:18 +0000 [MT] codesign output: /var/folders/7l/68chzx416gd19gmhw_s8h__80000gn/T/XcodeDistPipeline.~~~LMS1f0/Root/Payload/Runner.app/Frameworks/shared_preferences_foundation.framework: replacing existing signature
/var/folders/7l/68chzx416gd19gmhw_s8h__80000gn/T/XcodeDistPipeline.~~~LMS1f0/Root/Payload/Runner.app/Frameworks/shared_preferences_foundation.framework: signed bundle with Mach-O thin (arm64) [org.cocoapods.shared-preferences-foundation]
2025-10-02 10:05:18 +0000 [MT] Entitlements for <IDEDistributionItem: 0x7a67b1aa0; bundleID='org.cocoapods.url-launcher-ios', path='<DVTFilePath:0x7a6798af0:'/Users/kaikha/Documents/flutter-breast/build/ios/archive/Runner.xcarchive/Products/Applications/Runner.app/Frameworks/url_launcher_ios.framework'>', codeSigningInfo='<_DVTCodeSigningInformation_Path: 0x7a67b1b00; isSigned='1', isAdHocSigned='0', signingCertificate='<DVTSigningCertificate: 0x7a68c0180; name='Apple Development: Richar Sain firson (MDU76P92CZ)', hash='1CB4EC93E2A11862AFEBEB7DD3563AEC81A9992F', serialNumber='4EE0A0D1A50472C3F401927BFB08A761', certificateKinds='(
    "1.2.840.113635.100.6.1.12",
    "1.2.840.113635.100.6.1.2"
), issueDate='2025-09-23 02:15:56 +0000''>', entitlements='(null)', teamID='D75HBF7K8Q', identifier='org.cocoapods.url-launcher-ios', executablePath='<DVTFilePath:0x7a6798b60:'/Users/kaikha/Documents/flutter-breast/build/ios/archive/Runner.xcarchive/Products/Applications/Runner.app/Frameworks/url_launcher_ios.framework/url_launcher_ios'>', hardenedRuntime='0'>'>: {
}
2025-10-02 10:05:18 +0000 [MT] Associated App Clip Identifiers Filter: Skipping because "com.apple.developer.associated-appclip-app-identifiers" is not present
2025-10-02 10:05:18 +0000 [MT] Entitlements for <IDEDistributionItem: 0x7a67b1aa0; bundleID='org.cocoapods.url-launcher-ios', path='<DVTFilePath:0x7a6798af0:'/Users/kaikha/Documents/flutter-breast/build/ios/archive/Runner.xcarchive/Products/Applications/Runner.app/Frameworks/url_launcher_ios.framework'>', codeSigningInfo='<_DVTCodeSigningInformation_Path: 0x7a67b1b00; isSigned='1', isAdHocSigned='0', signingCertificate='<DVTSigningCertificate: 0x7a68c0780; name='Apple Development: Richar Sain firson (MDU76P92CZ)', hash='1CB4EC93E2A11862AFEBEB7DD3563AEC81A9992F', serialNumber='4EE0A0D1A50472C3F401927BFB08A761', certificateKinds='(
    "1.2.840.113635.100.6.1.12",
    "1.2.840.113635.100.6.1.2"
), issueDate='2025-09-23 02:15:56 +0000''>', entitlements='(null)', teamID='D75HBF7K8Q', identifier='org.cocoapods.url-launcher-ios', executablePath='<DVTFilePath:0x7a6798b60:'/Users/kaikha/Documents/flutter-breast/build/ios/archive/Runner.xcarchive/Products/Applications/Runner.app/Frameworks/url_launcher_ios.framework/url_launcher_ios'>', hardenedRuntime='0'>'> are: {
}
2025-10-02 10:05:18 +0000 [MT] Writing entitlements for <IDEDistributionItem: 0x7a67b1aa0; bundleID='org.cocoapods.url-launcher-ios', path='<DVTFilePath:0x7a6798af0:'/Users/kaikha/Documents/flutter-breast/build/ios/archive/Runner.xcarchive/Products/Applications/Runner.app/Frameworks/url_launcher_ios.framework'>', codeSigningInfo='<_DVTCodeSigningInformation_Path: 0x7a67b1b00; isSigned='1', isAdHocSigned='0', signingCertificate='<DVTSigningCertificate: 0x7a68c0780; name='Apple Development: Richar Sain firson (MDU76P92CZ)', hash='1CB4EC93E2A11862AFEBEB7DD3563AEC81A9992F', serialNumber='4EE0A0D1A50472C3F401927BFB08A761', certificateKinds='(
    "1.2.840.113635.100.6.1.12",
    "1.2.840.113635.100.6.1.2"
), issueDate='2025-09-23 02:15:56 +0000''>', entitlements='(null)', teamID='D75HBF7K8Q', identifier='org.cocoapods.url-launcher-ios', executablePath='<DVTFilePath:0x7a6798b60:'/Users/kaikha/Documents/flutter-breast/build/ios/archive/Runner.xcarchive/Products/Applications/Runner.app/Frameworks/url_launcher_ios.framework/url_launcher_ios'>', hardenedRuntime='0'>'> to: /var/folders/7l/68chzx416gd19gmhw_s8h__80000gn/T/XcodeDistPipeline.~~~LMS1f0/entitlements~~~kqaM6k
2025-10-02 10:05:18 +0000 [MT] invoking codesign: <NSConcreteTask: 0x7a418fc50; launchPath='/usr/bin/codesign', arguments='(
    "-f",
    "-s",
    76FC6059AC880258CE439076AF46EE710A8799C5,
    "--entitlements",
    "/var/folders/7l/68chzx416gd19gmhw_s8h__80000gn/T/XcodeDistPipeline.~~~LMS1f0/entitlements~~~kqaM6k",
    "--preserve-metadata=identifier,flags,runtime,launch-constraints,library-constraints",
    "--generate-entitlement-der",
    "--strip-disallowed-xattrs",
    "-vvv",
    "/var/folders/7l/68chzx416gd19gmhw_s8h__80000gn/T/XcodeDistPipeline.~~~LMS1f0/Root/Payload/Runner.app/Frameworks/url_launcher_ios.framework"
)'>
2025-10-02 10:05:18 +0000 [MT] codesign output: /var/folders/7l/68chzx416gd19gmhw_s8h__80000gn/T/XcodeDistPipeline.~~~LMS1f0/Root/Payload/Runner.app/Frameworks/url_launcher_ios.framework: replacing existing signature
/var/folders/7l/68chzx416gd19gmhw_s8h__80000gn/T/XcodeDistPipeline.~~~LMS1f0/Root/Payload/Runner.app/Frameworks/url_launcher_ios.framework: signed bundle with Mach-O thin (arm64) [org.cocoapods.url-launcher-ios]
2025-10-02 10:05:18 +0000 [MT] Entitlements for <IDEDistributionItem: 0x7a67b23a0; bundleID='com.breastlens.detection', path='<DVTFilePath:0x7a669fa20:'/Users/kaikha/Documents/flutter-breast/build/ios/archive/Runner.xcarchive/Products/Applications/Runner.app'>', codeSigningInfo='<_DVTCodeSigningInformation_Path: 0x7a67b1ec0; isSigned='1', isAdHocSigned='0', signingCertificate='<DVTSigningCertificate: 0x7a68c0180; name='Apple Development: Richar Sain firson (MDU76P92CZ)', hash='1CB4EC93E2A11862AFEBEB7DD3563AEC81A9992F', serialNumber='4EE0A0D1A50472C3F401927BFB08A761', certificateKinds='(
    "1.2.840.113635.100.6.1.12",
    "1.2.840.113635.100.6.1.2"
), issueDate='2025-09-23 02:15:56 +0000''>', entitlements='{
    "application-identifier" = "D75HBF7K8Q.com.breastlens.detection";
    "com.apple.developer.team-identifier" = D75HBF7K8Q;
    "get-task-allow" = 1;
}', teamID='D75HBF7K8Q', identifier='com.breastlens.detection', executablePath='<DVTFilePath:0x7a66e5440:'/Users/kaikha/Documents/flutter-breast/build/ios/archive/Runner.xcarchive/Products/Applications/Runner.app/Runner'>', hardenedRuntime='0'>'>: {
    "application-identifier" = "D75HBF7K8Q.com.breastlens.detection";
    "beta-reports-active" = 1;
    "com.apple.developer.team-identifier" = D75HBF7K8Q;
    "get-task-allow" = 0;
}
2025-10-02 10:05:18 +0000 [MT] Associated App Clip Identifiers Filter: Skipping because "com.apple.developer.associated-appclip-app-identifiers" is not present
2025-10-02 10:05:18 +0000 [MT] Entitlements for <IDEDistributionItem: 0x7a67b23a0; bundleID='com.breastlens.detection', path='<DVTFilePath:0x7a669fa20:'/Users/kaikha/Documents/flutter-breast/build/ios/archive/Runner.xcarchive/Products/Applications/Runner.app'>', codeSigningInfo='<_DVTCodeSigningInformation_Path: 0x7a67b1ec0; isSigned='1', isAdHocSigned='0', signingCertificate='<DVTSigningCertificate: 0x7a68c0780; name='Apple Development: Richar Sain firson (MDU76P92CZ)', hash='1CB4EC93E2A11862AFEBEB7DD3563AEC81A9992F', serialNumber='4EE0A0D1A50472C3F401927BFB08A761', certificateKinds='(
    "1.2.840.113635.100.6.1.12",
    "1.2.840.113635.100.6.1.2"
), issueDate='2025-09-23 02:15:56 +0000''>', entitlements='{
    "application-identifier" = "D75HBF7K8Q.com.breastlens.detection";
    "com.apple.developer.team-identifier" = D75HBF7K8Q;
    "get-task-allow" = 1;
}', teamID='D75HBF7K8Q', identifier='com.breastlens.detection', executablePath='<DVTFilePath:0x7a66e5440:'/Users/kaikha/Documents/flutter-breast/build/ios/archive/Runner.xcarchive/Products/Applications/Runner.app/Runner'>', hardenedRuntime='0'>'> are: {
    "application-identifier" = "D75HBF7K8Q.com.breastlens.detection";
    "beta-reports-active" = 1;
    "com.apple.developer.team-identifier" = D75HBF7K8Q;
    "get-task-allow" = 0;
}
2025-10-02 10:05:18 +0000 [MT] Writing entitlements for <IDEDistributionItem: 0x7a67b23a0; bundleID='com.breastlens.detection', path='<DVTFilePath:0x7a669fa20:'/Users/kaikha/Documents/flutter-breast/build/ios/archive/Runner.xcarchive/Products/Applications/Runner.app'>', codeSigningInfo='<_DVTCodeSigningInformation_Path: 0x7a67b1ec0; isSigned='1', isAdHocSigned='0', signingCertificate='<DVTSigningCertificate: 0x7a68c0780; name='Apple Development: Richar Sain firson (MDU76P92CZ)', hash='1CB4EC93E2A11862AFEBEB7DD3563AEC81A9992F', serialNumber='4EE0A0D1A50472C3F401927BFB08A761', certificateKinds='(
    "1.2.840.113635.100.6.1.12",
    "1.2.840.113635.100.6.1.2"
), issueDate='2025-09-23 02:15:56 +0000''>', entitlements='{
    "application-identifier" = "D75HBF7K8Q.com.breastlens.detection";
    "com.apple.developer.team-identifier" = D75HBF7K8Q;
    "get-task-allow" = 1;
}', teamID='D75HBF7K8Q', identifier='com.breastlens.detection', executablePath='<DVTFilePath:0x7a66e5440:'/Users/kaikha/Documents/flutter-breast/build/ios/archive/Runner.xcarchive/Products/Applications/Runner.app/Runner'>', hardenedRuntime='0'>'> to: /var/folders/7l/68chzx416gd19gmhw_s8h__80000gn/T/XcodeDistPipeline.~~~LMS1f0/entitlements~~~parSNt
2025-10-02 10:05:18 +0000 [MT] invoking codesign: <NSConcreteTask: 0x7a418fc50; launchPath='/usr/bin/codesign', arguments='(
    "-f",
    "-s",
    76FC6059AC880258CE439076AF46EE710A8799C5,
    "--entitlements",
    "/var/folders/7l/68chzx416gd19gmhw_s8h__80000gn/T/XcodeDistPipeline.~~~LMS1f0/entitlements~~~parSNt",
    "--preserve-metadata=identifier,flags,runtime,launch-constraints,library-constraints",
    "--generate-entitlement-der",
    "--strip-disallowed-xattrs",
    "-vvv",
    "/var/folders/7l/68chzx416gd19gmhw_s8h__80000gn/T/XcodeDistPipeline.~~~LMS1f0/Root/Payload/Runner.app"
)'>
2025-10-02 10:05:18 +0000 [MT] codesign output: /var/folders/7l/68chzx416gd19gmhw_s8h__80000gn/T/XcodeDistPipeline.~~~LMS1f0/Root/Payload/Runner.app: replacing existing signature
/var/folders/7l/68chzx416gd19gmhw_s8h__80000gn/T/XcodeDistPipeline.~~~LMS1f0/Root/Payload/Runner.app: signed app bundle with Mach-O thin (arm64) [com.breastlens.detection]
2025-10-02 10:05:18 +0000 [MT] Processing step: IDEDistributionZipODRItemStep
2025-10-02 10:05:18 +0000 [MT] Skipping step: IDEDistributionZipODRItemStep because it said so
2025-10-02 10:05:18 +0000 [MT] Skipping step: IDEDistributionZipODRItemStep because it said so
2025-10-02 10:05:18 +0000 [MT] Skipping step: IDEDistributionZipODRItemStep because it said so
2025-10-02 10:05:18 +0000 [MT] Skipping step: IDEDistributionZipODRItemStep because it said so
2025-10-02 10:05:18 +0000 [MT] Skipping step: IDEDistributionZipODRItemStep because it said so
2025-10-02 10:05:18 +0000 [MT] Skipping step: IDEDistributionZipODRItemStep because it said so
2025-10-02 10:05:18 +0000 [MT] Processing step: IDEDistributionCreateIPAStep
2025-10-02 10:05:18 +0000 [MT] Running /usr/bin/rsync '-8aPhhE' '/var/folders/7l/68chzx416gd19gmhw_s8h__80000gn/T/XcodeDistPipeline.~~~LMS1f0/Symbols' '--link-dest' '/var/folders/7l/68chzx416gd19gmhw_s8h__80000gn/T/XcodeDistPipeline.~~~LMS1f0' '/var/folders/7l/68chzx416gd19gmhw_s8h__80000gn/T/XcodeDistPipeline.~~~LMS1f0/Root'
2025-10-02 10:05:18 +0000  Symbols/
._Symbols
            163  64%  931.17KB/s   00:00:00 (xfer#1, to-check=0/14)
2025-10-02 10:05:18 +0000  Symbols/15D1F96B-E793-3770-9A4F-A1EF44375181.symbols
Symbols/4C4C44B5-5555-3144-A143-175AF624FB7A.symbols
Symbols/4DF18DB5-C8F3-3AC1-BAA5-B8A2D8E9E420.symbols
Symbols/B2FB9D03-D14C-33DA-A0CB-EC20320767FA.symbols
Symbols/EF757A7E-5ABE-3A85-8B61-1BD1D4ED4DF7.symbols
Symbols/F6B84226-D82F-315C-90CD-B6179356CDD0.symbols
Symbols/._15D1F96B-E793-3770-9A4F-A1EF44375181.symbols
            163   0%  354.57KB/s   00:00:00 (xfer#2, to-check=2/14)
2025-10-02 10:05:18 +0000  Symbols/._4C4C44B5-5555-3144-A143-175AF624FB7A.symbols
            163   0%  370.92KB/s   00:00:00 (xfer#3, to-check=3/14)
2025-10-02 10:05:18 +0000  Symbols/._4DF18DB5-C8F3-3AC1-BAA5-B8A2D8E9E420.symbols
            163   1%  401.96KB/s   00:00:00 (xfer#4, to-check=4/14)
2025-10-02 10:05:18 +0000  Symbols/._B2FB9D03-D14C-33DA-A0CB-EC20320767FA.symbols
            163   0%  429.08KB/s   00:00:00 (xfer#5, to-check=5/14)
2025-10-02 10:05:18 +0000  Symbols/._EF757A7E-5ABE-3A85-8B61-1BD1D4ED4DF7.symbols
            163   0%  442.15KB/s   00:00:00 (xfer#6, to-check=6/14)
2025-10-02 10:05:18 +0000  Symbols/._F6B84226-D82F-315C-90CD-B6179356CDD0.symbols
            163   0%  486.62KB/s   00:00:00 (xfer#7, to-check=7/14)
2025-10-02 10:05:18 +0000 [MT] /usr/bin/rsync exited with 0
2025-10-02 10:05:18 +0000 [MT] Running /usr/bin/ditto '-V' '-c' '-k' '--norsrc' '/var/folders/7l/68chzx416gd19gmhw_s8h__80000gn/T/XcodeDistPipeline.~~~LMS1f0/Root' '/var/folders/7l/68chzx416gd19gmhw_s8h__80000gn/T/XcodeDistPipeline.~~~LMS1f0/Packages/BreastLens.ipa'
2025-10-02 10:05:18 +0000  >>> Copying /var/folders/7l/68chzx416gd19gmhw_s8h__80000gn/T/XcodeDistPipeline.~~~LMS1f0/Root 
2025-10-02 10:05:18 +0000  copying file ./Payload/Runner.app/_CodeSignature/CodeResources ... 
2025-10-02 10:05:18 +0000  21371 bytes for ./Payload/Runner.app/_CodeSignature/CodeResources
2025-10-02 10:05:18 +0000  copying file ./Payload/Runner.app/AppIcon60x60@2x.png ... 
2025-10-02 10:05:18 +0000  15803 bytes for ./Payload/Runner.app/AppIcon60x60@2x.png
2025-10-02 10:05:18 +0000  copying file ./Payload/Runner.app/Runner ... 
2025-10-02 10:05:18 +0000  94736 bytes for ./Payload/Runner.app/Runner
2025-10-02 10:05:18 +0000  copying file ./Payload/Runner.app/Base.lproj/Main.storyboardc/UIViewController-BYZ-38-t0r.nib ... 
2025-10-02 10:05:18 +0000  951 bytes for ./Payload/Runner.app/Base.lproj/Main.storyboardc/UIViewController-BYZ-38-t0r.nib
2025-10-02 10:05:18 +0000  copying file ./Payload/Runner.app/Base.lproj/Main.storyboardc/BYZ-38-t0r-view-8bC-Xf-vdC.nib ... 
2025-10-02 10:05:18 +0000  1835 bytes for ./Payload/Runner.app/Base.lproj/Main.storyboardc/BYZ-38-t0r-view-8bC-Xf-vdC.nib
2025-10-02 10:05:18 +0000  copying file ./Payload/Runner.app/Base.lproj/Main.storyboardc/Info.plist ... 
2025-10-02 10:05:18 +0000  258 bytes for ./Payload/Runner.app/Base.lproj/Main.storyboardc/Info.plist
2025-10-02 10:05:18 +0000  copying file ./Payload/Runner.app/Base.lproj/LaunchScreen.storyboardc/01J-lp-oVM-view-Ze5-6b-2t3.nib ... 
2025-10-02 10:05:18 +0000  2281 bytes for ./Payload/Runner.app/Base.lproj/LaunchScreen.storyboardc/01J-lp-oVM-view-Ze5-6b-2t3.nib
2025-10-02 10:05:18 +0000  copying file ./Payload/Runner.app/Base.lproj/LaunchScreen.storyboardc/UIViewController-01J-lp-oVM.nib ... 
2025-10-02 10:05:18 +0000  924 bytes for ./Payload/Runner.app/Base.lproj/LaunchScreen.storyboardc/UIViewController-01J-lp-oVM.nib
2025-10-02 10:05:18 +0000  copying file ./Payload/Runner.app/Base.lproj/LaunchScreen.storyboardc/Info.plist ... 
2025-10-02 10:05:18 +0000  258 bytes for ./Payload/Runner.app/Base.lproj/LaunchScreen.storyboardc/Info.plist
2025-10-02 10:05:18 +0000  copying file ./Payload/Runner.app/Assets.car ... 
2025-10-02 10:05:18 +0000  823192 bytes for ./Payload/Runner.app/Assets.car
2025-10-02 10:05:18 +0000  copying file ./Payload/Runner.app/AppFrameworkInfo.plist ... 
2025-10-02 10:05:18 +0000  377 bytes for ./Payload/Runner.app/AppFrameworkInfo.plist
copying file ./Payload/Runner.app/AppIcon76x76@2x~ipad.png ... 
2025-10-02 10:05:18 +0000  23758 bytes for ./Payload/Runner.app/AppIcon76x76@2x~ipad.png
2025-10-02 10:05:18 +0000  copying file ./Payload/Runner.app/Frameworks/image_picker_ios.framework/_CodeSignature/CodeResources ... 
2025-10-02 10:05:18 +0000  2368 bytes for ./Payload/Runner.app/Frameworks/image_picker_ios.framework/_CodeSignature/CodeResources
2025-10-02 10:05:18 +0000  copying file ./Payload/Runner.app/Frameworks/image_picker_ios.framework/image_picker_ios_privacy.bundle/PrivacyInfo.xcprivacy ... 
2025-10-02 10:05:18 +0000  373 bytes for ./Payload/Runner.app/Frameworks/image_picker_ios.framework/image_picker_ios_privacy.bundle/PrivacyInfo.xcprivacy
2025-10-02 10:05:18 +0000  copying file ./Payload/Runner.app/Frameworks/image_picker_ios.framework/image_picker_ios_privacy.bundle/Info.plist ... 
2025-10-02 10:05:18 +0000  796 bytes for ./Payload/Runner.app/Frameworks/image_picker_ios.framework/image_picker_ios_privacy.bundle/Info.plist
2025-10-02 10:05:18 +0000  copying file ./Payload/Runner.app/Frameworks/image_picker_ios.framework/image_picker_ios ... 
2025-10-02 10:05:18 +0000  200128 bytes for ./Payload/Runner.app/Frameworks/image_picker_ios.framework/image_picker_ios
2025-10-02 10:05:18 +0000  copying file ./Payload/Runner.app/Frameworks/image_picker_ios.framework/Info.plist ... 
2025-10-02 10:05:18 +0000  805 bytes for ./Payload/Runner.app/Frameworks/image_picker_ios.framework/Info.plist
2025-10-02 10:05:18 +0000  copying file ./Payload/Runner.app/Frameworks/Flutter.framework/_CodeSignature/CodeResources ... 
2025-10-02 10:05:18 +0000  6822 bytes for ./Payload/Runner.app/Frameworks/Flutter.framework/_CodeSignature/CodeResources
2025-10-02 10:05:18 +0000  copying file ./Payload/Runner.app/Frameworks/Flutter.framework/icudtl.dat ... 
2025-10-02 10:05:18 +0000  778864 bytes for ./Payload/Runner.app/Frameworks/Flutter.framework/icudtl.dat
2025-10-02 10:05:18 +0000  copying file ./Payload/Runner.app/Frameworks/Flutter.framework/Flutter ... 
2025-10-02 10:05:18 +0000  8577600 bytes for ./Payload/Runner.app/Frameworks/Flutter.framework/Flutter
2025-10-02 10:05:18 +0000  copying file ./Payload/Runner.app/Frameworks/Flutter.framework/Headers/FlutterSceneDelegate.h ... 
2025-10-02 10:05:18 +0000  813 bytes for ./Payload/Runner.app/Frameworks/Flutter.framework/Headers/FlutterSceneDelegate.h
2025-10-02 10:05:18 +0000  copying file ./Payload/Runner.app/Frameworks/Flutter.framework/Headers/FlutterEngine.h ... 
2025-10-02 10:05:18 +0000  20339 bytes for ./Payload/Runner.app/Frameworks/Flutter.framework/Headers/FlutterEngine.h
2025-10-02 10:05:18 +0000  copying file ./Payload/Runner.app/Frameworks/Flutter.framework/Headers/FlutterChannels.h ... 
2025-10-02 10:05:18 +0000  18414 bytes for ./Payload/Runner.app/Frameworks/Flutter.framework/Headers/FlutterChannels.h
2025-10-02 10:05:18 +0000  copying file ./Payload/Runner.app/Frameworks/Flutter.framework/Headers/FlutterPlugin.h ... 
2025-10-02 10:05:18 +0000  16886 bytes for ./Payload/Runner.app/Frameworks/Flutter.framework/Headers/FlutterPlugin.h
2025-10-02 10:05:18 +0000  copying file ./Payload/Runner.app/Frameworks/Flutter.framework/Headers/FlutterAppDelegate.h ... 
2025-10-02 10:05:18 +0000  1821 bytes for ./Payload/Runner.app/Frameworks/Flutter.framework/Headers/FlutterAppDelegate.h
2025-10-02 10:05:18 +0000  copying file ./Payload/Runner.app/Frameworks/Flutter.framework/Headers/FlutterTexture.h ... 
2025-10-02 10:05:18 +0000  2263 bytes for ./Payload/Runner.app/Frameworks/Flutter.framework/Headers/FlutterTexture.h
2025-10-02 10:05:18 +0000  copying file ./Payload/Runner.app/Frameworks/Flutter.framework/Headers/FlutterEngineGroup.h ... 
2025-10-02 10:05:18 +0000  4755 bytes for ./Payload/Runner.app/Frameworks/Flutter.framework/Headers/FlutterEngineGroup.h
2025-10-02 10:05:18 +0000  copying file ./Payload/Runner.app/Frameworks/Flutter.framework/Headers/FlutterPlatformViews.h ... 
2025-10-02 10:05:18 +0000  1967 bytes for ./Payload/Runner.app/Frameworks/Flutter.framework/Headers/FlutterPlatformViews.h
2025-10-02 10:05:18 +0000  copying file ./Payload/Runner.app/Frameworks/Flutter.framework/Headers/FlutterHeadlessDartRunner.h ... 
2025-10-02 10:05:18 +0000  3927 bytes for ./Payload/Runner.app/Frameworks/Flutter.framework/Headers/FlutterHeadlessDartRunner.h
2025-10-02 10:05:18 +0000  copying file ./Payload/Runner.app/Frameworks/Flutter.framework/Headers/FlutterCodecs.h ... 
2025-10-02 10:05:18 +0000  15290 bytes for ./Payload/Runner.app/Frameworks/Flutter.framework/Headers/FlutterCodecs.h
2025-10-02 10:05:18 +0000  copying file ./Payload/Runner.app/Frameworks/Flutter.framework/Headers/Flutter.h ... 
2025-10-02 10:05:18 +0000  887 bytes for ./Payload/Runner.app/Frameworks/Flutter.framework/Headers/Flutter.h
2025-10-02 10:05:18 +0000  copying file ./Payload/Runner.app/Frameworks/Flutter.framework/Headers/FlutterViewController.h ... 
2025-10-02 10:05:18 +0000  10172 bytes for ./Payload/Runner.app/Frameworks/Flutter.framework/Headers/FlutterViewController.h
2025-10-02 10:05:18 +0000  copying file ./Payload/Runner.app/Frameworks/Flutter.framework/Headers/FlutterMacros.h ... 
2025-10-02 10:05:18 +0000  1823 bytes for ./Payload/Runner.app/Frameworks/Flutter.framework/Headers/FlutterMacros.h
2025-10-02 10:05:18 +0000  copying file ./Payload/Runner.app/Frameworks/Flutter.framework/Headers/FlutterDartProject.h ... 
2025-10-02 10:05:18 +0000  3914 bytes for ./Payload/Runner.app/Frameworks/Flutter.framework/Headers/FlutterDartProject.h
2025-10-02 10:05:18 +0000  copying file ./Payload/Runner.app/Frameworks/Flutter.framework/Headers/FlutterHourFormat.h ... 
2025-10-02 10:05:18 +0000  536 bytes for ./Payload/Runner.app/Frameworks/Flutter.framework/Headers/FlutterHourFormat.h
2025-10-02 10:05:18 +0000  copying file ./Payload/Runner.app/Frameworks/Flutter.framework/Headers/FlutterPluginAppLifeCycleDelegate.h ... 
2025-10-02 10:05:18 +0000  5318 bytes for ./Payload/Runner.app/Frameworks/Flutter.framework/Headers/FlutterPluginAppLifeCycleDelegate.h
2025-10-02 10:05:18 +0000  copying file ./Payload/Runner.app/Frameworks/Flutter.framework/Headers/FlutterBinaryMessenger.h ... 
2025-10-02 10:05:18 +0000  3761 bytes for ./Payload/Runner.app/Frameworks/Flutter.framework/Headers/FlutterBinaryMessenger.h
2025-10-02 10:05:18 +0000  copying file ./Payload/Runner.app/Frameworks/Flutter.framework/Headers/FlutterCallbackCache.h ... 
2025-10-02 10:05:18 +0000  1724 bytes for ./Payload/Runner.app/Frameworks/Flutter.framework/Headers/FlutterCallbackCache.h
2025-10-02 10:05:18 +0000  copying file ./Payload/Runner.app/Frameworks/Flutter.framework/PrivacyInfo.xcprivacy ... 
2025-10-02 10:05:18 +0000  845 bytes for ./Payload/Runner.app/Frameworks/Flutter.framework/PrivacyInfo.xcprivacy
2025-10-02 10:05:18 +0000  copying file ./Payload/Runner.app/Frameworks/Flutter.framework/Modules/module.modulemap ... 
2025-10-02 10:05:18 +0000  95 bytes for ./Payload/Runner.app/Frameworks/Flutter.framework/Modules/module.modulemap
2025-10-02 10:05:18 +0000  copying file ./Payload/Runner.app/Frameworks/Flutter.framework/Info.plist ... 
2025-10-02 10:05:18 +0000  1078 bytes for ./Payload/Runner.app/Frameworks/Flutter.framework/Info.plist
2025-10-02 10:05:18 +0000  copying file ./Payload/Runner.app/Frameworks/App.framework/_CodeSignature/CodeResources ... 
2025-10-02 10:05:18 +0000  4910 bytes for ./Payload/Runner.app/Frameworks/App.framework/_CodeSignature/CodeResources
2025-10-02 10:05:18 +0000  copying file ./Payload/Runner.app/Frameworks/App.framework/App ... 
2025-10-02 10:05:18 +0000  7086816 bytes for ./Payload/Runner.app/Frameworks/App.framework/App
2025-10-02 10:05:18 +0000  copying file ./Payload/Runner.app/Frameworks/App.framework/flutter_assets/NOTICES.Z ... 
2025-10-02 10:05:18 +0000  86943 bytes for ./Payload/Runner.app/Frameworks/App.framework/flutter_assets/NOTICES.Z
2025-10-02 10:05:18 +0000  copying file ./Payload/Runner.app/Frameworks/App.framework/flutter_assets/NativeAssetsManifest.json ... 
45 bytes for ./Payload/Runner.app/Frameworks/App.framework/flutter_assets/NativeAssetsManifest.json
2025-10-02 10:05:18 +0000  copying file ./Payload/Runner.app/Frameworks/App.framework/flutter_assets/AssetManifest.json ... 
2025-10-02 10:05:18 +0000  271 bytes for ./Payload/Runner.app/Frameworks/App.framework/flutter_assets/AssetManifest.json
copying file ./Payload/Runner.app/Frameworks/App.framework/flutter_assets/FontManifest.json ... 
2025-10-02 10:05:18 +0000  208 bytes for ./Payload/Runner.app/Frameworks/App.framework/flutter_assets/FontManifest.json
2025-10-02 10:05:18 +0000  copying file ./Payload/Runner.app/Frameworks/App.framework/flutter_assets/packages/cupertino_icons/assets/CupertinoIcons.ttf ... 
2025-10-02 10:05:18 +0000  257628 bytes for ./Payload/Runner.app/Frameworks/App.framework/flutter_assets/packages/cupertino_icons/assets/CupertinoIcons.ttf
2025-10-02 10:05:18 +0000  copying file ./Payload/Runner.app/Frameworks/App.framework/flutter_assets/shaders/ink_sparkle.frag ... 
2025-10-02 10:05:18 +0000  11984 bytes for ./Payload/Runner.app/Frameworks/App.framework/flutter_assets/shaders/ink_sparkle.frag
2025-10-02 10:05:18 +0000  copying file ./Payload/Runner.app/Frameworks/App.framework/flutter_assets/AssetManifest.bin ... 
2025-10-02 10:05:18 +0000  307 bytes for ./Payload/Runner.app/Frameworks/App.framework/flutter_assets/AssetManifest.bin
2025-10-02 10:05:18 +0000  copying file ./Payload/Runner.app/Frameworks/App.framework/flutter_assets/fonts/MaterialIcons-Regular.otf ... 
2025-10-02 10:05:18 +0000  9792 bytes for ./Payload/Runner.app/Frameworks/App.framework/flutter_assets/fonts/MaterialIcons-Regular.otf
2025-10-02 10:05:18 +0000  copying file ./Payload/Runner.app/Frameworks/App.framework/flutter_assets/assets/icon.png ... 
2025-10-02 10:05:18 +0000  398462 bytes for ./Payload/Runner.app/Frameworks/App.framework/flutter_assets/assets/icon.png
2025-10-02 10:05:18 +0000  copying file ./Payload/Runner.app/Frameworks/App.framework/flutter_assets/assets/icon.svg ... 
768 bytes for ./Payload/Runner.app/Frameworks/App.framework/flutter_assets/assets/icon.svg
copying file ./Payload/Runner.app/Frameworks/App.framework/flutter_assets/assets/umbj.png ... 
2025-10-02 10:05:18 +0000  294455 bytes for ./Payload/Runner.app/Frameworks/App.framework/flutter_assets/assets/umbj.png
2025-10-02 10:05:18 +0000  copying file ./Payload/Runner.app/Frameworks/App.framework/flutter_assets/assets/kemdikbud.png ... 
2025-10-02 10:05:18 +0000  57177 bytes for ./Payload/Runner.app/Frameworks/App.framework/flutter_assets/assets/kemdikbud.png
2025-10-02 10:05:18 +0000  copying file ./Payload/Runner.app/Frameworks/App.framework/Info.plist ... 
2025-10-02 10:05:18 +0000  774 bytes for ./Payload/Runner.app/Frameworks/App.framework/Info.plist
2025-10-02 10:05:18 +0000  copying file ./Payload/Runner.app/Frameworks/url_launcher_ios.framework/_CodeSignature/CodeResources ... 
2025-10-02 10:05:18 +0000  2368 bytes for ./Payload/Runner.app/Frameworks/url_launcher_ios.framework/_CodeSignature/CodeResources
2025-10-02 10:05:18 +0000  copying file ./Payload/Runner.app/Frameworks/url_launcher_ios.framework/url_launcher_ios ... 
2025-10-02 10:05:18 +0000  202448 bytes for ./Payload/Runner.app/Frameworks/url_launcher_ios.framework/url_launcher_ios
2025-10-02 10:05:18 +0000  copying file ./Payload/Runner.app/Frameworks/url_launcher_ios.framework/url_launcher_ios_privacy.bundle/PrivacyInfo.xcprivacy ... 
2025-10-02 10:05:18 +0000  373 bytes for ./Payload/Runner.app/Frameworks/url_launcher_ios.framework/url_launcher_ios_privacy.bundle/PrivacyInfo.xcprivacy
2025-10-02 10:05:18 +0000  copying file ./Payload/Runner.app/Frameworks/url_launcher_ios.framework/url_launcher_ios_privacy.bundle/Info.plist ... 
2025-10-02 10:05:18 +0000  796 bytes for ./Payload/Runner.app/Frameworks/url_launcher_ios.framework/url_launcher_ios_privacy.bundle/Info.plist
2025-10-02 10:05:18 +0000  copying file ./Payload/Runner.app/Frameworks/url_launcher_ios.framework/Info.plist ... 
2025-10-02 10:05:18 +0000  805 bytes for ./Payload/Runner.app/Frameworks/url_launcher_ios.framework/Info.plist
2025-10-02 10:05:18 +0000  copying file ./Payload/Runner.app/Frameworks/shared_preferences_foundation.framework/_CodeSignature/CodeResources ... 
2025-10-02 10:05:18 +0000  2420 bytes for ./Payload/Runner.app/Frameworks/shared_preferences_foundation.framework/_CodeSignature/CodeResources
2025-10-02 10:05:18 +0000  copying file ./Payload/Runner.app/Frameworks/shared_preferences_foundation.framework/shared_preferences_foundation_privacy.bundle/PrivacyInfo.xcprivacy ... 
2025-10-02 10:05:18 +0000  598 bytes for ./Payload/Runner.app/Frameworks/shared_preferences_foundation.framework/shared_preferences_foundation_privacy.bundle/PrivacyInfo.xcprivacy
2025-10-02 10:05:18 +0000  copying file ./Payload/Runner.app/Frameworks/shared_preferences_foundation.framework/shared_preferences_foundation_privacy.bundle/Info.plist ... 
2025-10-02 10:05:18 +0000  822 bytes for ./Payload/Runner.app/Frameworks/shared_preferences_foundation.framework/shared_preferences_foundation_privacy.bundle/Info.plist
2025-10-02 10:05:18 +0000  copying file ./Payload/Runner.app/Frameworks/shared_preferences_foundation.framework/shared_preferences_foundation ... 
2025-10-02 10:05:18 +0000  214784 bytes for ./Payload/Runner.app/Frameworks/shared_preferences_foundation.framework/shared_preferences_foundation
2025-10-02 10:05:18 +0000  copying file ./Payload/Runner.app/Frameworks/shared_preferences_foundation.framework/Info.plist ... 
2025-10-02 10:05:18 +0000  831 bytes for ./Payload/Runner.app/Frameworks/shared_preferences_foundation.framework/Info.plist
2025-10-02 10:05:18 +0000  copying file ./Payload/Runner.app/embedded.mobileprovision ... 
2025-10-02 10:05:18 +0000  14346 bytes for ./Payload/Runner.app/embedded.mobileprovision
2025-10-02 10:05:18 +0000  copying file ./Payload/Runner.app/Info.plist ... 
2025-10-02 10:05:18 +0000  2319 bytes for ./Payload/Runner.app/Info.plist
2025-10-02 10:05:18 +0000  copying file ./Payload/Runner.app/PkgInfo ... 
2025-10-02 10:05:18 +0000  8 bytes for ./Payload/Runner.app/PkgInfo
2025-10-02 10:05:18 +0000  copying file ./Symbols/15D1F96B-E793-3770-9A4F-A1EF44375181.symbols ... 
2025-10-02 10:05:18 +0000  3121260 bytes for ./Symbols/15D1F96B-E793-3770-9A4F-A1EF44375181.symbols
2025-10-02 10:05:18 +0000  copying file ./Symbols/4C4C44B5-5555-3144-A143-175AF624FB7A.symbols ... 
2025-10-02 10:05:19 +0000  52983476 bytes for ./Symbols/4C4C44B5-5555-3144-A143-175AF624FB7A.symbols
2025-10-02 10:05:19 +0000  copying file ./Symbols/F6B84226-D82F-315C-90CD-B6179356CDD0.symbols ... 
2025-10-02 10:05:19 +0000  92340 bytes for ./Symbols/F6B84226-D82F-315C-90CD-B6179356CDD0.symbols
2025-10-02 10:05:19 +0000  copying file ./Symbols/B2FB9D03-D14C-33DA-A0CB-EC20320767FA.symbols ... 
2025-10-02 10:05:19 +0000  114588 bytes for ./Symbols/B2FB9D03-D14C-33DA-A0CB-EC20320767FA.symbols
2025-10-02 10:05:19 +0000  copying file ./Symbols/EF757A7E-5ABE-3A85-8B61-1BD1D4ED4DF7.symbols ... 
2025-10-02 10:05:19 +0000  83804 bytes for ./Symbols/EF757A7E-5ABE-3A85-8B61-1BD1D4ED4DF7.symbols
2025-10-02 10:05:19 +0000  copying file ./Symbols/4DF18DB5-C8F3-3AC1-BAA5-B8A2D8E9E420.symbols ... 
2025-10-02 10:05:19 +0000  27588 bytes for ./Symbols/4DF18DB5-C8F3-3AC1-BAA5-B8A2D8E9E420.symbols
2025-10-02 10:05:19 +0000 [MT] /usr/bin/ditto exited with 0
2025-10-02 10:05:19 +0000 [MT] Processing step: IDEDistributionAppStoreInformationStep
2025-10-02 10:05:19 +0000 [MT] Skipping step: IDEDistributionAppStoreInformationStep because it said so
2025-10-02 10:05:19 +0000 [MT] Processing step: IDEDistributionGenerateProcessedDistributionItems
2025-10-02 10:05:19 +0000 [MT] IDEDistributionItem init <DVTFilePath:0x7a69a98c0:'/var/folders/7l/68chzx416gd19gmhw_s8h__80000gn/T/XcodeDistPipeline.~~~LMS1f0/Root/Payload/Runner.app/Frameworks/App.framework'>
2025-10-02 10:05:19 +0000 [MT] IDEDistributionItem init <DVTFilePath:0x7a425ba80:'/var/folders/7l/68chzx416gd19gmhw_s8h__80000gn/T/XcodeDistPipeline.~~~LMS1f0/Root/Payload/Runner.app/Frameworks/shared_preferences_foundation.framework'>
2025-10-02 10:05:19 +0000 [MT] IDEDistributionItem init <DVTFilePath:0x7a6a19f80:'/var/folders/7l/68chzx416gd19gmhw_s8h__80000gn/T/XcodeDistPipeline.~~~LMS1f0/Root/Payload/Runner.app/Frameworks/Flutter.framework'>
2025-10-02 10:05:19 +0000 [MT] IDEDistributionItem init <DVTFilePath:0x7a6a19ff0:'/var/folders/7l/68chzx416gd19gmhw_s8h__80000gn/T/XcodeDistPipeline.~~~LMS1f0/Root/Payload/Runner.app/Frameworks/image_picker_ios.framework'>
2025-10-02 10:05:19 +0000 [MT] IDEDistributionItem init <DVTFilePath:0x7a6a1a140:'/var/folders/7l/68chzx416gd19gmhw_s8h__80000gn/T/XcodeDistPipeline.~~~LMS1f0/Root/Payload/Runner.app/Frameworks/url_launcher_ios.framework'>
2025-10-02 10:05:19 +0000 [MT] IDEDistributionItem init <DVTFilePath:0x7a69a9080:'/var/folders/7l/68chzx416gd19gmhw_s8h__80000gn/T/XcodeDistPipeline.~~~LMS1f0/Root/Payload/Runner.app'>
2025-10-02 10:05:19 +0000 [MT] Processing step: IDEDistributionCreateManifestStep
2025-10-02 10:05:19 +0000 [MT] Skipping step: IDEDistributionCreateManifestStep because it said so
